#
# There is insufficient memory for the Java Runtime Environment to continue.
# Native memory allocation (mmap) failed to map 176160768 bytes for G1 virtual space
# Possible reasons:
#   The system is out of physical RAM or swap space
#   The process is running with CompressedOops enabled, and the Java Heap may be blocking the growth of the native heap
# Possible solutions:
#   Reduce memory load on the system
#   Increase physical memory or swap space
#   Check if swap backing store is full
#   Decrease Java heap size (-Xmx/-Xms)
#   Decrease number of Java threads
#   Decrease Java thread stack sizes (-Xss)
#   Set larger code cache with -XX:ReservedCodeCacheSize=
#   JVM is running with Unscaled Compressed Oops mode in which the Java heap is
#     placed in the first 4GB address space. The Java Heap base address is the
#     maximum limit for the native heap growth. Please use -XX:HeapBaseMinAddress
#     to set the Java Heap base and to place the Java Heap above 4GB virtual address.
# This output file may be truncated or incomplete.
#
#  Out of Memory Error (os_windows.cpp:3550), pid=4668, tid=13928
#
# JRE version: Java(TM) SE Runtime Environment (17.0.7+8) (build 17.0.7+8-LTS-224)
# Java VM: Java HotSpot(TM) 64-Bit Server VM (17.0.7+8-LTS-224, mixed mode, sharing, tiered, compressed oops, compressed class ptrs, g1 gc, windows-amd64)
# No core dump will be written. Minidumps are not enabled by default on client versions of Windows
#

---------------  S U M M A R Y ------------

Command Line: -Dclassworlds.conf=D:\apache-maven-3.6.3-bin\bin\..\bin\m2.conf -Dmaven.home=D:\apache-maven-3.6.3-bin\bin\.. -Dlibrary.jansi.path=D:\apache-maven-3.6.3-bin\bin\..\lib\jansi-native -Dmaven.multiModuleProjectDirectory=D:\SpringBoot_Ang_K8_CICD_AWS_24_Dec_2024 - For_Elcipse2024-12\restaurantlisting org.codehaus.plexus.classworlds.launcher.Launcher install

Host: Intel(R) Core(TM) i5-7200U CPU @ 2.50GHz, 4 cores, 7G,  Windows 10 , 64 bit Build 19041 (10.0.19041.5198)
Time: Tue Jan 14 16:12:23 2025 India Standard Time elapsed time: 23.436824 seconds (0d 0h 0m 23s)

---------------  T H R E A D  ---------------

Current thread (0x000002dc563496b0):  VMThread "VM Thread" [stack: 0x000000f425900000,0x000000f425a00000] [id=13928]

Stack: [0x000000f425900000,0x000000f425a00000]
Native frames: (J=compiled Java code, j=interpreted, Vv=VM code, C=native code)
V  [jvm.dll+0x676a4a]
V  [jvm.dll+0x7d74f4]
V  [jvm.dll+0x7d8c9e]
V  [jvm.dll+0x7d9303]
V  [jvm.dll+0x2452c5]
V  [jvm.dll+0x6738f9]
V  [jvm.dll+0x668232]
V  [jvm.dll+0x302826]
V  [jvm.dll+0x309da6]
V  [jvm.dll+0x35952e]
V  [jvm.dll+0x35975f]
V  [jvm.dll+0x2d9a38]
V  [jvm.dll+0x2d7e45]
V  [jvm.dll+0x2d744c]
V  [jvm.dll+0x31ab1b]
V  [jvm.dll+0x7ddb0b]
V  [jvm.dll+0x7de844]
V  [jvm.dll+0x7ded5d]
V  [jvm.dll+0x7df134]
V  [jvm.dll+0x7df200]
V  [jvm.dll+0x78759a]
V  [jvm.dll+0x675875]
C  [ucrtbase.dll+0x21bb2]
C  [KERNEL32.DLL+0x17374]
C  [ntdll.dll+0x4cc91]

VM_Operation (0x000000f426efe770): G1CollectForAllocation, mode: safepoint, requested by thread 0x000002dc570e8930


---------------  P R O C E S S  ---------------

Threads class SMR info:
_java_thread_list=0x000002dc57e85b60, length=18, elements={
0x000002dc38b5a3d0, 0x000002dc5634d1b0, 0x000002dc5634df30, 0x000002dc56361fb0,
0x000002dc56363a80, 0x000002dc56366350, 0x000002dc56366c10, 0x000002dc563678b0,
0x000002dc563c5980, 0x000002dc563e63b0, 0x000002dc56db7a10, 0x000002dc56dc0120,
0x000002dc5809c070, 0x000002dc597f4670, 0x000002dc570e8930, 0x000002dc59ee1590,
0x000002dc59ee0bf0, 0x000002dc59ee1a60
}

Java Threads: ( => current thread )
  0x000002dc38b5a3d0 JavaThread "main" [_thread_in_native, id=12268, stack(0x000000f425300000,0x000000f425400000)]
  0x000002dc5634d1b0 JavaThread "Reference Handler" daemon [_thread_blocked, id=9620, stack(0x000000f425a00000,0x000000f425b00000)]
  0x000002dc5634df30 JavaThread "Finalizer" daemon [_thread_blocked, id=10952, stack(0x000000f425b00000,0x000000f425c00000)]
  0x000002dc56361fb0 JavaThread "Signal Dispatcher" daemon [_thread_blocked, id=18788, stack(0x000000f425c00000,0x000000f425d00000)]
  0x000002dc56363a80 JavaThread "Attach Listener" daemon [_thread_blocked, id=5576, stack(0x000000f425d00000,0x000000f425e00000)]
  0x000002dc56366350 JavaThread "Service Thread" daemon [_thread_blocked, id=1720, stack(0x000000f425e00000,0x000000f425f00000)]
  0x000002dc56366c10 JavaThread "Monitor Deflation Thread" daemon [_thread_blocked, id=18336, stack(0x000000f425f00000,0x000000f426000000)]
  0x000002dc563678b0 JavaThread "C2 CompilerThread0" daemon [_thread_blocked, id=10628, stack(0x000000f426000000,0x000000f426100000)]
  0x000002dc563c5980 JavaThread "C1 CompilerThread0" daemon [_thread_blocked, id=18696, stack(0x000000f426100000,0x000000f426200000)]
  0x000002dc563e63b0 JavaThread "Sweeper thread" daemon [_thread_blocked, id=18764, stack(0x000000f426200000,0x000000f426300000)]
  0x000002dc56db7a10 JavaThread "Notification Thread" daemon [_thread_blocked, id=18220, stack(0x000000f426300000,0x000000f426400000)]
  0x000002dc56dc0120 JavaThread "Common-Cleaner" daemon [_thread_blocked, id=19152, stack(0x000000f426500000,0x000000f426600000)]
  0x000002dc5809c070 JavaThread "timeout-check-timer" daemon [_thread_blocked, id=13568, stack(0x000000f426c00000,0x000000f426d00000)]
  0x000002dc597f4670 JavaThread "ping-timer-10s" daemon [_thread_blocked, id=3280, stack(0x000000f426d00000,0x000000f426e00000)]
  0x000002dc570e8930 JavaThread "ThreadedStreamConsumer" daemon [_thread_blocked, id=19104, stack(0x000000f426e00000,0x000000f426f00000)]
  0x000002dc59ee1590 JavaThread "fork-1-err-thread" daemon [_thread_in_native, id=19136, stack(0x000000f426f00000,0x000000f427000000)]
  0x000002dc59ee0bf0 JavaThread "commands-fork-1" daemon [_thread_blocked, id=4876, stack(0x000000f427000000,0x000000f427100000)]
  0x000002dc59ee1a60 JavaThread "fork-1-event-thread" daemon [_thread_in_native, id=19380, stack(0x000000f427100000,0x000000f427200000)]

Other Threads:
=>0x000002dc563496b0 VMThread "VM Thread" [stack: 0x000000f425900000,0x000000f425a00000] [id=13928]
  0x000002dc38bccab0 WatcherThread [stack: 0x000000f426400000,0x000000f426500000] [id=18760]
  0x000002dc38bb3cc0 GCTaskThread "GC Thread#0" [stack: 0x000000f425400000,0x000000f425500000] [id=19352]
  0x000002dc575e4560 GCTaskThread "GC Thread#1" [stack: 0x000000f426600000,0x000000f426700000] [id=10072]
  0x000002dc575e4810 GCTaskThread "GC Thread#2" [stack: 0x000000f426700000,0x000000f426800000] [id=3592]
  0x000002dc5761ae70 GCTaskThread "GC Thread#3" [stack: 0x000000f426800000,0x000000f426900000] [id=19344]
  0x000002dc38bc4710 ConcurrentGCThread "G1 Main Marker" [stack: 0x000000f425500000,0x000000f425600000] [id=19064]
  0x000002dc38bc5030 ConcurrentGCThread "G1 Conc#0" [stack: 0x000000f425600000,0x000000f425700000] [id=17588]
  0x000002dc38c2d860 ConcurrentGCThread "G1 Refine#0" [stack: 0x000000f425700000,0x000000f425800000] [id=14692]
  0x000002dc573a1280 ConcurrentGCThread "G1 Refine#1" [stack: 0x000000f426a00000,0x000000f426b00000] [id=6424]
  0x000002dc594b03f0 ConcurrentGCThread "G1 Refine#2" [stack: 0x000000f426b00000,0x000000f426c00000] [id=19052]
  0x000002dc38c2e190 ConcurrentGCThread "G1 Service" [stack: 0x000000f425800000,0x000000f425900000] [id=496]

Threads with active compile tasks:

VM state: at safepoint (normal execution)

VM Mutex/Monitor currently owned by a thread:  ([mutex/lock_event])
[0x000002dc38b562b0] Threads_lock - owner thread: 0x000002dc563496b0
[0x000002dc38b56190] Heap_lock - owner thread: 0x000002dc570e8930

Heap address: 0x0000000082000000, size: 2016 MB, Compressed Oops mode: 32-bit

CDS archive(s) mapped at: [0x0000000800000000-0x0000000800bd0000-0x0000000800bd0000), size 12386304, SharedBaseAddress: 0x0000000800000000, ArchiveRelocationMode: 0.
Compressed class space mapped at: 0x0000000800c00000-0x0000000840c00000, reserved size: 1073741824
Narrow klass base: 0x0000000800000000, Narrow klass shift: 0, Narrow klass range: 0x100000000

GC Precious Log:
 CPUs: 4 total, 4 available
 Memory: 8058M
 Large Page Support: Disabled
 NUMA Support: Disabled
 Compressed Oops: Enabled (32-bit)
 Heap Region Size: 1M
 Heap Min Capacity: 8M
 Heap Initial Capacity: 126M
 Heap Max Capacity: 2016M
 Pre-touch: Disabled
 Parallel Workers: 4
 Concurrent Workers: 1
 Concurrent Refinement Workers: 4
 Periodic GC: Disabled

Heap:
 garbage-first heap   total 148480K, used 78299K [0x0000000082000000, 0x0000000100000000)
  region size 1024K, 3 young (3072K), 3 survivors (3072K)
 Metaspace       used 38846K, committed 39232K, reserved 1089536K
  class space    used 4443K, committed 4672K, reserved 1048576K

Heap Regions: E=young(eden), S=young(survivor), O=old, HS=humongous(starts), HC=humongous(continues), CS=collection set, F=free, OA=open archive, CA=closed archive, TAMS=top-at-mark-start (previous, next)
|   0|0x0000000082000000, 0x0000000082100000, 0x0000000082100000|100%| O|  |TAMS 0x0000000082100000, 0x0000000082100000| Untracked 
|   1|0x0000000082100000, 0x0000000082200000, 0x0000000082200000|100%| O|  |TAMS 0x0000000082200000, 0x0000000082200000| Untracked 
|   2|0x0000000082200000, 0x0000000082300000, 0x0000000082300000|100%| O|  |TAMS 0x0000000082300000, 0x0000000082300000| Untracked 
|   3|0x0000000082300000, 0x0000000082400000, 0x0000000082400000|100%| O|  |TAMS 0x0000000082400000, 0x0000000082400000| Untracked 
|   4|0x0000000082400000, 0x0000000082500000, 0x0000000082500000|100%| O|  |TAMS 0x0000000082500000, 0x0000000082500000| Untracked 
|   5|0x0000000082500000, 0x0000000082600000, 0x0000000082600000|100%| O|  |TAMS 0x0000000082600000, 0x0000000082600000| Untracked 
|   6|0x0000000082600000, 0x0000000082700000, 0x0000000082700000|100%| O|  |TAMS 0x0000000082700000, 0x0000000082700000| Untracked 
|   7|0x0000000082700000, 0x0000000082800000, 0x0000000082800000|100%| O|  |TAMS 0x0000000082800000, 0x0000000082800000| Untracked 
|   8|0x0000000082800000, 0x0000000082900000, 0x0000000082900000|100%| O|  |TAMS 0x0000000082900000, 0x0000000082900000| Untracked 
|   9|0x0000000082900000, 0x0000000082a00000, 0x0000000082a00000|100%| O|  |TAMS 0x0000000082a00000, 0x0000000082a00000| Untracked 
|  10|0x0000000082a00000, 0x0000000082b00000, 0x0000000082b00000|100%| O|  |TAMS 0x0000000082b00000, 0x0000000082b00000| Untracked 
|  11|0x0000000082b00000, 0x0000000082c00000, 0x0000000082c00000|100%| O|  |TAMS 0x0000000082c00000, 0x0000000082c00000| Untracked 
|  12|0x0000000082c00000, 0x0000000082d00000, 0x0000000082d00000|100%| O|  |TAMS 0x0000000082d00000, 0x0000000082d00000| Untracked 
|  13|0x0000000082d00000, 0x0000000082e00000, 0x0000000082e00000|100%| O|  |TAMS 0x0000000082e00000, 0x0000000082e00000| Untracked 
|  14|0x0000000082e00000, 0x0000000082f00000, 0x0000000082f00000|100%| O|  |TAMS 0x0000000082f00000, 0x0000000082f00000| Untracked 
|  15|0x0000000082f00000, 0x0000000083000000, 0x0000000083000000|100%| O|  |TAMS 0x0000000083000000, 0x0000000083000000| Untracked 
|  16|0x0000000083000000, 0x0000000083100000, 0x0000000083100000|100%| O|  |TAMS 0x0000000083100000, 0x0000000083100000| Untracked 
|  17|0x0000000083100000, 0x0000000083200000, 0x0000000083200000|100%| O|  |TAMS 0x0000000083200000, 0x0000000083200000| Untracked 
|  18|0x0000000083200000, 0x0000000083300000, 0x0000000083300000|100%| O|  |TAMS 0x0000000083300000, 0x0000000083300000| Untracked 
|  19|0x0000000083300000, 0x0000000083400000, 0x0000000083400000|100%| O|  |TAMS 0x0000000083400000, 0x0000000083400000| Untracked 
|  20|0x0000000083400000, 0x0000000083400000, 0x0000000083500000|  0%| F|  |TAMS 0x0000000083400000, 0x0000000083400000| Untracked 
|  21|0x0000000083500000, 0x0000000083600000, 0x0000000083600000|100%| O|  |TAMS 0x0000000083600000, 0x0000000083600000| Untracked 
|  22|0x0000000083600000, 0x0000000083700000, 0x0000000083700000|100%| O|  |TAMS 0x0000000083700000, 0x0000000083700000| Untracked 
|  23|0x0000000083700000, 0x0000000083800000, 0x0000000083800000|100%|HS|  |TAMS 0x0000000083800000, 0x0000000083800000| Complete 
|  24|0x0000000083800000, 0x0000000083900000, 0x0000000083900000|100%|HC|  |TAMS 0x0000000083900000, 0x0000000083900000| Complete 
|  25|0x0000000083900000, 0x0000000083a00000, 0x0000000083a00000|100%|HS|  |TAMS 0x0000000083a00000, 0x0000000083a00000| Complete 
|  26|0x0000000083a00000, 0x0000000083b00000, 0x0000000083b00000|100%| O|  |TAMS 0x0000000083b00000, 0x0000000083b00000| Untracked 
|  27|0x0000000083b00000, 0x0000000083c00000, 0x0000000083c00000|100%| O|  |TAMS 0x0000000083c00000, 0x0000000083c00000| Untracked 
|  28|0x0000000083c00000, 0x0000000083d00000, 0x0000000083d00000|100%| O|  |TAMS 0x0000000083d00000, 0x0000000083d00000| Untracked 
|  29|0x0000000083d00000, 0x0000000083e00000, 0x0000000083e00000|100%| O|  |TAMS 0x0000000083e00000, 0x0000000083e00000| Untracked 
|  30|0x0000000083e00000, 0x0000000083e00000, 0x0000000083f00000|  0%| F|  |TAMS 0x0000000083e00000, 0x0000000083e00000| Untracked 
|  31|0x0000000083f00000, 0x0000000083f00000, 0x0000000084000000|  0%| F|  |TAMS 0x0000000083f00000, 0x0000000083f00000| Untracked 
|  32|0x0000000084000000, 0x0000000084000000, 0x0000000084100000|  0%| F|  |TAMS 0x0000000084000000, 0x0000000084000000| Untracked 
|  33|0x0000000084100000, 0x0000000084100000, 0x0000000084200000|  0%| F|  |TAMS 0x0000000084100000, 0x0000000084100000| Untracked 
|  34|0x0000000084200000, 0x0000000084300000, 0x0000000084300000|100%| O|  |TAMS 0x0000000084300000, 0x0000000084300000| Untracked 
|  35|0x0000000084300000, 0x0000000084400000, 0x0000000084400000|100%| O|  |TAMS 0x0000000084300000, 0x0000000084400000| Untracked 
|  36|0x0000000084400000, 0x0000000084500000, 0x0000000084500000|100%|HS|  |TAMS 0x0000000084500000, 0x0000000084500000| Complete 
|  37|0x0000000084500000, 0x0000000084600000, 0x0000000084600000|100%|HC|  |TAMS 0x0000000084600000, 0x0000000084600000| Complete 
|  38|0x0000000084600000, 0x0000000084700000, 0x0000000084700000|100%|HS|  |TAMS 0x0000000084700000, 0x0000000084700000| Complete 
|  39|0x0000000084700000, 0x0000000084800000, 0x0000000084800000|100%|HS|  |TAMS 0x0000000084800000, 0x0000000084800000| Complete 
|  40|0x0000000084800000, 0x0000000084900000, 0x0000000084900000|100%| O|  |TAMS 0x0000000084900000, 0x0000000084900000| Untracked 
|  41|0x0000000084900000, 0x0000000084a00000, 0x0000000084a00000|100%| O|  |TAMS 0x0000000084a00000, 0x0000000084a00000| Untracked 
|  42|0x0000000084a00000, 0x0000000084b00000, 0x0000000084b00000|100%| O|  |TAMS 0x0000000084b00000, 0x0000000084b00000| Untracked 
|  43|0x0000000084b00000, 0x0000000084c00000, 0x0000000084c00000|100%| O|  |TAMS 0x0000000084c00000, 0x0000000084c00000| Untracked 
|  44|0x0000000084c00000, 0x0000000084d00000, 0x0000000084d00000|100%| O|  |TAMS 0x0000000084d00000, 0x0000000084d00000| Untracked 
|  45|0x0000000084d00000, 0x0000000084e00000, 0x0000000084e00000|100%| O|  |TAMS 0x0000000084e00000, 0x0000000084e00000| Untracked 
|  46|0x0000000084e00000, 0x0000000084f00000, 0x0000000084f00000|100%| O|  |TAMS 0x0000000084f00000, 0x0000000084f00000| Untracked 
|  47|0x0000000084f00000, 0x0000000085000000, 0x0000000085000000|100%| O|  |TAMS 0x0000000085000000, 0x0000000085000000| Untracked 
|  48|0x0000000085000000, 0x0000000085000000, 0x0000000085100000|  0%| F|  |TAMS 0x0000000085000000, 0x0000000085000000| Untracked 
|  49|0x0000000085100000, 0x0000000085100000, 0x0000000085200000|  0%| F|  |TAMS 0x0000000085100000, 0x0000000085100000| Untracked 
|  50|0x0000000085200000, 0x0000000085200000, 0x0000000085300000|  0%| F|  |TAMS 0x0000000085200000, 0x0000000085200000| Untracked 
|  51|0x0000000085300000, 0x0000000085400000, 0x0000000085400000|100%| O|  |TAMS 0x0000000085400000, 0x0000000085400000| Untracked 
|  52|0x0000000085400000, 0x0000000085500000, 0x0000000085500000|100%| O|  |TAMS 0x0000000085500000, 0x0000000085500000| Untracked 
|  53|0x0000000085500000, 0x0000000085600000, 0x0000000085600000|100%| O|  |TAMS 0x0000000085600000, 0x0000000085600000| Untracked 
|  54|0x0000000085600000, 0x0000000085700000, 0x0000000085700000|100%| O|  |TAMS 0x0000000085700000, 0x0000000085700000| Untracked 
|  55|0x0000000085700000, 0x0000000085800000, 0x0000000085800000|100%| O|  |TAMS 0x0000000085800000, 0x0000000085800000| Untracked 
|  56|0x0000000085800000, 0x0000000085900000, 0x0000000085900000|100%| O|  |TAMS 0x0000000085900000, 0x0000000085900000| Untracked 
|  57|0x0000000085900000, 0x0000000085a00000, 0x0000000085a00000|100%| O|  |TAMS 0x0000000085a00000, 0x0000000085a00000| Untracked 
|  58|0x0000000085a00000, 0x0000000085b00000, 0x0000000085b00000|100%| O|  |TAMS 0x0000000085b00000, 0x0000000085b00000| Untracked 
|  59|0x0000000085b00000, 0x0000000085c00000, 0x0000000085c00000|100%| O|  |TAMS 0x0000000085b0fa00, 0x0000000085c00000| Untracked 
|  60|0x0000000085c00000, 0x0000000085d00000, 0x0000000085d00000|100%| O|  |TAMS 0x0000000085c00000, 0x0000000085d00000| Untracked 
|  61|0x0000000085d00000, 0x0000000085e00000, 0x0000000085e00000|100%| O|  |TAMS 0x0000000085d00000, 0x0000000085e00000| Untracked 
|  62|0x0000000085e00000, 0x0000000085f00000, 0x0000000085f00000|100%| O|  |TAMS 0x0000000085e00000, 0x0000000085f00000| Untracked 
|  63|0x0000000085f00000, 0x0000000086000000, 0x0000000086000000|100%| O|  |TAMS 0x0000000085f00000, 0x0000000086000000| Untracked 
|  64|0x0000000086000000, 0x0000000086100000, 0x0000000086100000|100%| O|  |TAMS 0x0000000086000000, 0x0000000086100000| Untracked 
|  65|0x0000000086100000, 0x0000000086200000, 0x0000000086200000|100%| O|  |TAMS 0x0000000086100000, 0x0000000086200000| Untracked 
|  66|0x0000000086200000, 0x0000000086300000, 0x0000000086300000|100%| O|  |TAMS 0x0000000086200000, 0x0000000086300000| Untracked 
|  67|0x0000000086300000, 0x0000000086400000, 0x0000000086400000|100%| O|  |TAMS 0x0000000086300000, 0x0000000086400000| Untracked 
|  68|0x0000000086400000, 0x0000000086500000, 0x0000000086500000|100%| O|  |TAMS 0x0000000086400000, 0x0000000086500000| Untracked 
|  69|0x0000000086500000, 0x0000000086600000, 0x0000000086600000|100%| O|  |TAMS 0x0000000086500000, 0x0000000086600000| Untracked 
|  70|0x0000000086600000, 0x0000000086700000, 0x0000000086700000|100%| O|  |TAMS 0x0000000086600000, 0x0000000086700000| Untracked 
|  71|0x0000000086700000, 0x0000000086800000, 0x0000000086800000|100%| O|  |TAMS 0x0000000086700000, 0x0000000086800000| Untracked 
|  72|0x0000000086800000, 0x0000000086900000, 0x0000000086900000|100%| O|  |TAMS 0x0000000086800000, 0x0000000086900000| Untracked 
|  73|0x0000000086900000, 0x0000000086a00000, 0x0000000086a00000|100%| O|  |TAMS 0x0000000086900000, 0x0000000086a00000| Untracked 
|  74|0x0000000086a00000, 0x0000000086b00000, 0x0000000086b00000|100%| O|  |TAMS 0x0000000086a00000, 0x0000000086b00000| Untracked 
|  75|0x0000000086b00000, 0x0000000086be0400, 0x0000000086c00000| 87%| O|  |TAMS 0x0000000086b00000, 0x0000000086be0400| Untracked 
|  76|0x0000000086c00000, 0x0000000086c00000, 0x0000000086d00000|  0%| F|  |TAMS 0x0000000086c00000, 0x0000000086c00000| Untracked 
|  77|0x0000000086d00000, 0x0000000086d00000, 0x0000000086e00000|  0%| F|  |TAMS 0x0000000086d00000, 0x0000000086d00000| Untracked 
|  78|0x0000000086e00000, 0x0000000086e00000, 0x0000000086f00000|  0%| F|  |TAMS 0x0000000086e00000, 0x0000000086e00000| Untracked 
|  79|0x0000000086f00000, 0x0000000086f00000, 0x0000000087000000|  0%| F|  |TAMS 0x0000000086f00000, 0x0000000086f00000| Untracked 
|  80|0x0000000087000000, 0x0000000087000000, 0x0000000087100000|  0%| F|  |TAMS 0x0000000087000000, 0x0000000087000000| Untracked 
|  81|0x0000000087100000, 0x0000000087100000, 0x0000000087200000|  0%| F|  |TAMS 0x0000000087100000, 0x0000000087100000| Untracked 
|  82|0x0000000087200000, 0x0000000087200000, 0x0000000087300000|  0%| F|  |TAMS 0x0000000087200000, 0x0000000087200000| Untracked 
|  83|0x0000000087300000, 0x0000000087300000, 0x0000000087400000|  0%| F|  |TAMS 0x0000000087300000, 0x0000000087300000| Untracked 
|  84|0x0000000087400000, 0x0000000087400000, 0x0000000087500000|  0%| F|  |TAMS 0x0000000087400000, 0x0000000087400000| Untracked 
|  85|0x0000000087500000, 0x0000000087500000, 0x0000000087600000|  0%| F|  |TAMS 0x0000000087500000, 0x0000000087500000| Untracked 
|  86|0x0000000087600000, 0x0000000087600000, 0x0000000087700000|  0%| F|  |TAMS 0x0000000087600000, 0x0000000087600000| Untracked 
|  87|0x0000000087700000, 0x0000000087700000, 0x0000000087800000|  0%| F|  |TAMS 0x0000000087700000, 0x0000000087700000| Untracked 
|  88|0x0000000087800000, 0x0000000087800000, 0x0000000087900000|  0%| F|  |TAMS 0x0000000087800000, 0x0000000087800000| Untracked 
|  89|0x0000000087900000, 0x0000000087900000, 0x0000000087a00000|  0%| F|  |TAMS 0x0000000087900000, 0x0000000087900000| Untracked 
|  90|0x0000000087a00000, 0x0000000087a00000, 0x0000000087b00000|  0%| F|  |TAMS 0x0000000087a00000, 0x0000000087a00000| Untracked 
|  91|0x0000000087b00000, 0x0000000087b00000, 0x0000000087c00000|  0%| F|  |TAMS 0x0000000087b00000, 0x0000000087b00000| Untracked 
|  92|0x0000000087c00000, 0x0000000087c00000, 0x0000000087d00000|  0%| F|  |TAMS 0x0000000087c00000, 0x0000000087c00000| Untracked 
|  93|0x0000000087d00000, 0x0000000087d00000, 0x0000000087e00000|  0%| F|  |TAMS 0x0000000087d00000, 0x0000000087d00000| Untracked 
|  94|0x0000000087e00000, 0x0000000087e00000, 0x0000000087f00000|  0%| F|  |TAMS 0x0000000087e00000, 0x0000000087e00000| Untracked 
|  95|0x0000000087f00000, 0x0000000087f00000, 0x0000000088000000|  0%| F|  |TAMS 0x0000000087f00000, 0x0000000087f00000| Untracked 
|  96|0x0000000088000000, 0x0000000088000000, 0x0000000088100000|  0%| F|  |TAMS 0x0000000088000000, 0x0000000088000000| Untracked 
|  97|0x0000000088100000, 0x0000000088100000, 0x0000000088200000|  0%| F|  |TAMS 0x0000000088100000, 0x0000000088100000| Untracked 
|  98|0x0000000088200000, 0x0000000088200000, 0x0000000088300000|  0%| F|  |TAMS 0x0000000088200000, 0x0000000088200000| Untracked 
|  99|0x0000000088300000, 0x0000000088396b10, 0x0000000088400000| 58%| S|CS|TAMS 0x0000000088300000, 0x0000000088300000| Complete 
| 100|0x0000000088400000, 0x0000000088500000, 0x0000000088500000|100%| S|CS|TAMS 0x0000000088400000, 0x0000000088400000| Complete 
| 101|0x0000000088500000, 0x0000000088600000, 0x0000000088600000|100%| S|CS|TAMS 0x0000000088500000, 0x0000000088500000| Complete 
| 102|0x0000000088600000, 0x0000000088600000, 0x0000000088700000|  0%| F|  |TAMS 0x0000000088600000, 0x0000000088600000| Untracked 
| 103|0x0000000088700000, 0x0000000088700000, 0x0000000088800000|  0%| F|  |TAMS 0x0000000088700000, 0x0000000088700000| Untracked 
| 104|0x0000000088800000, 0x0000000088800000, 0x0000000088900000|  0%| F|  |TAMS 0x0000000088800000, 0x0000000088800000| Untracked 
| 105|0x0000000088900000, 0x0000000088900000, 0x0000000088a00000|  0%| F|  |TAMS 0x0000000088900000, 0x0000000088900000| Untracked 
| 106|0x0000000088a00000, 0x0000000088a00000, 0x0000000088b00000|  0%| F|  |TAMS 0x0000000088a00000, 0x0000000088a00000| Untracked 
| 107|0x0000000088b00000, 0x0000000088b00000, 0x0000000088c00000|  0%| F|  |TAMS 0x0000000088b00000, 0x0000000088b00000| Untracked 
| 108|0x0000000088c00000, 0x0000000088c00000, 0x0000000088d00000|  0%| F|  |TAMS 0x0000000088c00000, 0x0000000088c00000| Untracked 
| 109|0x0000000088d00000, 0x0000000088d00000, 0x0000000088e00000|  0%| F|  |TAMS 0x0000000088d00000, 0x0000000088d00000| Untracked 
| 110|0x0000000088e00000, 0x0000000088e00000, 0x0000000088f00000|  0%| F|  |TAMS 0x0000000088e00000, 0x0000000088e00000| Untracked 
| 111|0x0000000088f00000, 0x0000000088f00000, 0x0000000089000000|  0%| F|  |TAMS 0x0000000088f00000, 0x0000000088f00000| Untracked 
| 112|0x0000000089000000, 0x0000000089000000, 0x0000000089100000|  0%| F|  |TAMS 0x0000000089000000, 0x0000000089000000| Untracked 
| 113|0x0000000089100000, 0x0000000089100000, 0x0000000089200000|  0%| F|  |TAMS 0x0000000089100000, 0x0000000089100000| Untracked 
| 114|0x0000000089200000, 0x0000000089200000, 0x0000000089300000|  0%| F|  |TAMS 0x0000000089200000, 0x0000000089200000| Untracked 
| 115|0x0000000089300000, 0x0000000089300000, 0x0000000089400000|  0%| F|  |TAMS 0x0000000089300000, 0x0000000089300000| Untracked 
| 116|0x0000000089400000, 0x0000000089400000, 0x0000000089500000|  0%| F|  |TAMS 0x0000000089400000, 0x0000000089400000| Untracked 
| 117|0x0000000089500000, 0x0000000089500000, 0x0000000089600000|  0%| F|  |TAMS 0x0000000089500000, 0x0000000089500000| Untracked 
| 118|0x0000000089600000, 0x0000000089600000, 0x0000000089700000|  0%| F|  |TAMS 0x0000000089600000, 0x0000000089600000| Untracked 
| 119|0x0000000089700000, 0x0000000089700000, 0x0000000089800000|  0%| F|  |TAMS 0x0000000089700000, 0x0000000089700000| Untracked 
| 120|0x0000000089800000, 0x0000000089800000, 0x0000000089900000|  0%| F|  |TAMS 0x0000000089800000, 0x0000000089800000| Untracked 
| 121|0x0000000089900000, 0x0000000089900000, 0x0000000089a00000|  0%| F|  |TAMS 0x0000000089900000, 0x0000000089900000| Untracked 
| 122|0x0000000089a00000, 0x0000000089a00000, 0x0000000089b00000|  0%| F|  |TAMS 0x0000000089a00000, 0x0000000089a00000| Untracked 
| 123|0x0000000089b00000, 0x0000000089b00000, 0x0000000089c00000|  0%| F|  |TAMS 0x0000000089b00000, 0x0000000089b00000| Untracked 
| 124|0x0000000089c00000, 0x0000000089c00000, 0x0000000089d00000|  0%| F|  |TAMS 0x0000000089c00000, 0x0000000089c00000| Untracked 
| 125|0x0000000089d00000, 0x0000000089d00000, 0x0000000089e00000|  0%| F|  |TAMS 0x0000000089d00000, 0x0000000089d00000| Untracked 
| 126|0x0000000089e00000, 0x0000000089e00000, 0x0000000089f00000|  0%| F|  |TAMS 0x0000000089e00000, 0x0000000089e00000| Untracked 
| 127|0x0000000089f00000, 0x0000000089f00000, 0x000000008a000000|  0%| F|  |TAMS 0x0000000089f00000, 0x0000000089f00000| Untracked 
| 128|0x000000008a000000, 0x000000008a000000, 0x000000008a100000|  0%| F|  |TAMS 0x000000008a000000, 0x000000008a000000| Untracked 
| 129|0x000000008a100000, 0x000000008a100000, 0x000000008a200000|  0%| F|  |TAMS 0x000000008a100000, 0x000000008a100000| Untracked 
| 130|0x000000008a200000, 0x000000008a200000, 0x000000008a300000|  0%| F|  |TAMS 0x000000008a200000, 0x000000008a200000| Untracked 
| 131|0x000000008a300000, 0x000000008a300000, 0x000000008a400000|  0%| F|  |TAMS 0x000000008a300000, 0x000000008a300000| Untracked 
| 132|0x000000008a400000, 0x000000008a400000, 0x000000008a500000|  0%| F|  |TAMS 0x000000008a400000, 0x000000008a400000| Untracked 
| 133|0x000000008a500000, 0x000000008a500000, 0x000000008a600000|  0%| F|  |TAMS 0x000000008a500000, 0x000000008a500000| Untracked 
| 134|0x000000008a600000, 0x000000008a600000, 0x000000008a700000|  0%| F|  |TAMS 0x000000008a600000, 0x000000008a600000| Untracked 
| 135|0x000000008a700000, 0x000000008a700000, 0x000000008a800000|  0%| F|  |TAMS 0x000000008a700000, 0x000000008a700000| Untracked 
| 136|0x000000008a800000, 0x000000008a800000, 0x000000008a900000|  0%| F|  |TAMS 0x000000008a800000, 0x000000008a800000| Untracked 
| 137|0x000000008a900000, 0x000000008a900000, 0x000000008aa00000|  0%| F|  |TAMS 0x000000008a900000, 0x000000008a900000| Untracked 
| 138|0x000000008aa00000, 0x000000008aa00000, 0x000000008ab00000|  0%| F|  |TAMS 0x000000008aa00000, 0x000000008aa00000| Untracked 
|2010|0x00000000ffa00000, 0x00000000ffb00000, 0x00000000ffb00000|100%| O|  |TAMS 0x00000000ffb00000, 0x00000000ffb00000| Untracked 
|2011|0x00000000ffb00000, 0x00000000ffc00000, 0x00000000ffc00000|100%| O|  |TAMS 0x00000000ffc00000, 0x00000000ffc00000| Untracked 
|2012|0x00000000ffc00000, 0x00000000ffd00000, 0x00000000ffd00000|100%| O|  |TAMS 0x00000000ffd00000, 0x00000000ffd00000| Untracked 
|2013|0x00000000ffd00000, 0x00000000ffe00000, 0x00000000ffe00000|100%| O|  |TAMS 0x00000000ffe00000, 0x00000000ffe00000| Untracked 
|2014|0x00000000ffe00000, 0x00000000fff00000, 0x00000000fff00000|100%| O|  |TAMS 0x00000000fff00000, 0x00000000fff00000| Untracked 
|2015|0x00000000fff00000, 0x0000000100000000, 0x0000000100000000|100%| O|  |TAMS 0x0000000100000000, 0x0000000100000000| Untracked 

Card table byte_map: [0x000002dc4f7d0000,0x000002dc4fbc0000] _byte_map_base: 0x000002dc4f3c0000

Marking Bits (Prev, Next): (CMBitMap*) 0x000002dc38bb4220, (CMBitMap*) 0x000002dc38bb41e0
 Prev Bits: [0x000002dc51f30000, 0x000002dc53eb0000)
 Next Bits: [0x000002dc4ffb0000, 0x000002dc51f30000)

Polling page: 0x000002dc38330000

Metaspace:

Usage:
  Non-class:     33.60 MB used.
      Class:      4.34 MB used.
       Both:     37.94 MB used.

Virtual space:
  Non-class space:       40.00 MB reserved,      33.75 MB ( 84%) committed,  5 nodes.
      Class space:        1.00 GB reserved,       4.56 MB ( <1%) committed,  1 nodes.
             Both:        1.04 GB reserved,      38.31 MB (  4%) committed. 

Chunk freelists:
   Non-Class:  1.88 MB
       Class:  3.36 MB
        Both:  5.23 MB

MaxMetaspaceSize: unlimited
CompressedClassSpaceSize: 1.00 GB
Initial GC threshold: 21.00 MB
Current GC threshold: 57.50 MB
CDS: on
MetaspaceReclaimPolicy: balanced
 - commit_granule_bytes: 65536.
 - commit_granule_words: 8192.
 - virtual_space_node_default_size: 1048576.
 - enlarge_chunks_in_place: 1.
 - new_chunks_are_fully_committed: 0.
 - uncommit_free_chunks: 1.
 - use_allocation_guard: 0.
 - handle_deallocations: 1.


Internal statistics:

num_allocs_failed_limit: 9.
num_arena_births: 290.
num_arena_deaths: 0.
num_vsnodes_births: 6.
num_vsnodes_deaths: 0.
num_space_committed: 612.
num_space_uncommitted: 0.
num_chunks_returned_to_freelist: 9.
num_chunks_taken_from_freelist: 1721.
num_chunk_merges: 9.
num_chunk_splits: 1203.
num_chunks_enlarged: 905.
num_purges: 0.
num_inconsistent_stats: 0.

CodeHeap 'non-profiled nmethods': size=120000Kb used=4283Kb max_used=4283Kb free=115716Kb
 bounds [0x000002dc47eb0000, 0x000002dc482e0000, 0x000002dc4f3e0000]
CodeHeap 'profiled nmethods': size=120000Kb used=16094Kb max_used=16094Kb free=103905Kb
 bounds [0x000002dc403e0000, 0x000002dc413a0000, 0x000002dc47910000]
CodeHeap 'non-nmethods': size=5760Kb used=1264Kb max_used=1341Kb free=4495Kb
 bounds [0x000002dc47910000, 0x000002dc47b80000, 0x000002dc47eb0000]
 total_blobs=7957 nmethods=7377 adapters=489
 compilation: enabled
              stopped_count=0, restarted_count=0
 full_count=0

Compilation events (20 events):
Event: 20.784 Thread 0x000002dc563678b0 8287       4       java.io.PrintStream::print (9 bytes)
Event: 20.833 Thread 0x000002dc563678b0 nmethod 8287 0x000002dc482d7f90 code [0x000002dc482d8200, 0x000002dc482da450]
Event: 20.833 Thread 0x000002dc563678b0 8288   !   4       java.io.PrintStream::write (83 bytes)
Event: 20.867 Thread 0x000002dc563678b0 nmethod 8288 0x000002dc482db710 code [0x000002dc482db960, 0x000002dc482dd4c0]
Event: 20.886 Thread 0x000002dc563678b0 8289       4       java.util.concurrent.locks.ReentrantLock$Sync::tryRelease (51 bytes)
Event: 20.888 Thread 0x000002dc563678b0 nmethod 8289 0x000002dc482de490 code [0x000002dc482de600, 0x000002dc482de738]
Event: 22.415 Thread 0x000002dc563c5980 8290       1       org.apache.maven.surefire.api.stream.AbstractStreamDecoder$Memento::getData (5 bytes)
Event: 22.415 Thread 0x000002dc563c5980 nmethod 8290 0x000002dc482de810 code [0x000002dc482de9a0, 0x000002dc482dea78]
Event: 22.415 Thread 0x000002dc563c5980 8291   !   3       org.apache.maven.surefire.api.stream.AbstractStreamDecoder::read (242 bytes)
Event: 22.417 Thread 0x000002dc563c5980 nmethod 8291 0x000002dc41395d10 code [0x000002dc41396080, 0x000002dc41397818]
Event: 22.566 Thread 0x000002dc563c5980 8292       3       org.fusesource.jansi.FilterPrintStream::write (45 bytes)
Event: 22.567 Thread 0x000002dc563c5980 nmethod 8292 0x000002dc41398010 code [0x000002dc413981e0, 0x000002dc41398598]
Event: 22.750 Thread 0x000002dc563c5980 8293       3       java.util.concurrent.locks.LockSupport::setBlocker (12 bytes)
Event: 22.750 Thread 0x000002dc563c5980 nmethod 8293 0x000002dc41398710 code [0x000002dc413988c0, 0x000002dc41398ac8]
Event: 23.186 Thread 0x000002dc563c5980 8294       1       org.apache.maven.surefire.api.stream.AbstractStreamDecoder$Memento::getLine (5 bytes)
Event: 23.187 Thread 0x000002dc563c5980 nmethod 8294 0x000002dc482deb10 code [0x000002dc482deca0, 0x000002dc482ded78]
Event: 23.187 Thread 0x000002dc563c5980 8295       3       java.nio.charset.CharsetDecoder::reset (11 bytes)
Event: 23.187 Thread 0x000002dc563c5980 nmethod 8295 0x000002dc41398b90 code [0x000002dc41398d20, 0x000002dc41398f18]
Event: 23.187 Thread 0x000002dc563c5980 8296       3       java.nio.charset.CharsetDecoder::implReset (1 bytes)
Event: 23.187 Thread 0x000002dc563c5980 nmethod 8296 0x000002dc41399010 code [0x000002dc413991a0, 0x000002dc413992b8]

GC Heap History (20 events):
Event: 4.256 GC heap after
{Heap after GC invocations=5 (full 0):
 garbage-first heap   total 129024K, used 24385K [0x0000000082000000, 0x0000000100000000)
  region size 1024K, 4 young (4096K), 4 survivors (4096K)
 Metaspace       used 16980K, committed 17152K, reserved 1064960K
  class space    used 1868K, committed 1984K, reserved 1048576K
}
Event: 4.687 GC heap before
{Heap before GC invocations=5 (full 0):
 garbage-first heap   total 129024K, used 46913K [0x0000000082000000, 0x0000000100000000)
  region size 1024K, 22 young (22528K), 4 survivors (4096K)
 Metaspace       used 21300K, committed 21504K, reserved 1073152K
  class space    used 2399K, committed 2496K, reserved 1048576K
}
Event: 4.696 GC heap after
{Heap after GC invocations=6 (full 0):
 garbage-first heap   total 129024K, used 32485K [0x0000000082000000, 0x0000000100000000)
  region size 1024K, 8 young (8192K), 8 survivors (8192K)
 Metaspace       used 21300K, committed 21504K, reserved 1073152K
  class space    used 2399K, committed 2496K, reserved 1048576K
}
Event: 5.783 GC heap before
{Heap before GC invocations=7 (full 0):
 garbage-first heap   total 112640K, used 92901K [0x0000000082000000, 0x0000000100000000)
  region size 1024K, 66 young (67584K), 8 survivors (8192K)
 Metaspace       used 23876K, committed 24192K, reserved 1073152K
  class space    used 2660K, committed 2816K, reserved 1048576K
}
Event: 5.813 GC heap after
{Heap after GC invocations=8 (full 0):
 garbage-first heap   total 118784K, used 48331K [0x0000000082000000, 0x0000000100000000)
  region size 1024K, 9 young (9216K), 9 survivors (9216K)
 Metaspace       used 23876K, committed 24192K, reserved 1073152K
  class space    used 2660K, committed 2816K, reserved 1048576K
}
Event: 5.824 GC heap before
{Heap before GC invocations=8 (full 0):
 garbage-first heap   total 118784K, used 49355K [0x0000000082000000, 0x0000000100000000)
  region size 1024K, 10 young (10240K), 9 survivors (9216K)
 Metaspace       used 23884K, committed 24192K, reserved 1073152K
  class space    used 2660K, committed 2816K, reserved 1048576K
}
Event: 5.835 GC heap after
{Heap after GC invocations=9 (full 0):
 garbage-first heap   total 143360K, used 49152K [0x0000000082000000, 0x0000000100000000)
  region size 1024K, 1 young (1024K), 1 survivors (1024K)
 Metaspace       used 23884K, committed 24192K, reserved 1073152K
  class space    used 2660K, committed 2816K, reserved 1048576K
}
Event: 6.990 GC heap before
{Heap before GC invocations=9 (full 0):
 garbage-first heap   total 143360K, used 101376K [0x0000000082000000, 0x0000000100000000)
  region size 1024K, 53 young (54272K), 1 survivors (1024K)
 Metaspace       used 27136K, committed 27456K, reserved 1081344K
  class space    used 3026K, committed 3200K, reserved 1048576K
}
Event: 6.997 GC heap after
{Heap after GC invocations=10 (full 0):
 garbage-first heap   total 143360K, used 51200K [0x0000000082000000, 0x0000000100000000)
  region size 1024K, 3 young (3072K), 3 survivors (3072K)
 Metaspace       used 27136K, committed 27456K, reserved 1081344K
  class space    used 3026K, committed 3200K, reserved 1048576K
}
Event: 8.288 GC heap before
{Heap before GC invocations=11 (full 0):
 garbage-first heap   total 143360K, used 105472K [0x0000000082000000, 0x0000000100000000)
  region size 1024K, 56 young (57344K), 3 survivors (3072K)
 Metaspace       used 34066K, committed 34368K, reserved 1081344K
  class space    used 3945K, committed 4096K, reserved 1048576K
}
Event: 8.302 GC heap after
{Heap after GC invocations=12 (full 0):
 garbage-first heap   total 143360K, used 56054K [0x0000000082000000, 0x0000000100000000)
  region size 1024K, 7 young (7168K), 7 survivors (7168K)
 Metaspace       used 34066K, committed 34368K, reserved 1081344K
  class space    used 3945K, committed 4096K, reserved 1048576K
}
Event: 9.306 GC heap before
{Heap before GC invocations=12 (full 0):
 garbage-first heap   total 143360K, used 113398K [0x0000000082000000, 0x0000000100000000)
  region size 1024K, 58 young (59392K), 7 survivors (7168K)
 Metaspace       used 34379K, committed 34688K, reserved 1081344K
  class space    used 3952K, committed 4096K, reserved 1048576K
}
Event: 9.327 GC heap after
{Heap after GC invocations=13 (full 0):
 garbage-first heap   total 143360K, used 73790K [0x0000000082000000, 0x0000000100000000)
  region size 1024K, 8 young (8192K), 8 survivors (8192K)
 Metaspace       used 34379K, committed 34688K, reserved 1081344K
  class space    used 3952K, committed 4096K, reserved 1048576K
}
Event: 10.004 GC heap before
{Heap before GC invocations=13 (full 0):
 garbage-first heap   total 143360K, used 105534K [0x0000000082000000, 0x0000000100000000)
  region size 1024K, 40 young (40960K), 8 survivors (8192K)
 Metaspace       used 34876K, committed 35200K, reserved 1081344K
  class space    used 3998K, committed 4160K, reserved 1048576K
}
Event: 10.018 GC heap after
{Heap after GC invocations=14 (full 0):
 garbage-first heap   total 143360K, used 82944K [0x0000000082000000, 0x0000000100000000)
  region size 1024K, 5 young (5120K), 5 survivors (5120K)
 Metaspace       used 34876K, committed 35200K, reserved 1081344K
  class space    used 3998K, committed 4160K, reserved 1048576K
}
Event: 10.673 GC heap before
{Heap before GC invocations=15 (full 0):
 garbage-first heap   total 148480K, used 109568K [0x0000000082000000, 0x0000000100000000)
  region size 1024K, 32 young (32768K), 5 survivors (5120K)
 Metaspace       used 35866K, committed 36160K, reserved 1081344K
  class space    used 4129K, committed 4288K, reserved 1048576K
}
Event: 10.678 GC heap after
{Heap after GC invocations=16 (full 0):
 garbage-first heap   total 148480K, used 82944K [0x0000000082000000, 0x0000000100000000)
  region size 1024K, 1 young (1024K), 1 survivors (1024K)
 Metaspace       used 35866K, committed 36160K, reserved 1081344K
  class space    used 4129K, committed 4288K, reserved 1048576K
}
Event: 10.728 GC heap before
{Heap before GC invocations=16 (full 0):
 garbage-first heap   total 148480K, used 88064K [0x0000000082000000, 0x0000000100000000)
  region size 1024K, 7 young (7168K), 1 survivors (1024K)
 Metaspace       used 35878K, committed 36160K, reserved 1081344K
  class space    used 4129K, committed 4288K, reserved 1048576K
}
Event: 10.732 GC heap after
{Heap after GC invocations=17 (full 0):
 garbage-first heap   total 148480K, used 76298K [0x0000000082000000, 0x0000000100000000)
  region size 1024K, 1 young (1024K), 1 survivors (1024K)
 Metaspace       used 35878K, committed 36160K, reserved 1081344K
  class space    used 4129K, committed 4288K, reserved 1048576K
}
Event: 23.419 GC heap before
{Heap before GC invocations=17 (full 0):
 garbage-first heap   total 148480K, used 113162K [0x0000000082000000, 0x0000000100000000)
  region size 1024K, 37 young (37888K), 1 survivors (1024K)
 Metaspace       used 38846K, committed 39232K, reserved 1089536K
  class space    used 4443K, committed 4672K, reserved 1048576K
}

Deoptimization events (20 events):
Event: 12.721 Thread 0x000002dc570e8930 Uncommon trap: trap_request=0xffffffc6 fr.pc=0x000002dc47fb1a4c relative=0x000000000000030c
Event: 12.721 Thread 0x000002dc570e8930 Uncommon trap: reason=bimorphic_or_optimized_type_check action=maybe_recompile pc=0x000002dc47fb1a4c method=java.util.regex.Pattern$BmpCharPredicate.lambda$union$2(Ljava/util/regex/Pattern$CharPredicate;I)Z @ 2 c2
Event: 12.721 Thread 0x000002dc570e8930 DEOPT PACKING pc=0x000002dc47fb1a4c sp=0x000000f426efdd30
Event: 12.721 Thread 0x000002dc570e8930 DEOPT UNPACKING pc=0x000002dc479623a3 sp=0x000000f426efdb78 mode 2
Event: 12.721 Thread 0x000002dc570e8930 Uncommon trap: trap_request=0xffffffde fr.pc=0x000002dc4817e34c relative=0x000000000000012c
Event: 12.721 Thread 0x000002dc570e8930 Uncommon trap: reason=class_check action=maybe_recompile pc=0x000002dc4817e34c method=java.util.regex.Pattern$BmpCharPredicate.lambda$union$2(Ljava/util/regex/Pattern$CharPredicate;I)Z @ 12 c2
Event: 12.721 Thread 0x000002dc570e8930 DEOPT PACKING pc=0x000002dc4817e34c sp=0x000000f426efdb40
Event: 12.721 Thread 0x000002dc570e8930 DEOPT UNPACKING pc=0x000002dc479623a3 sp=0x000000f426efda58 mode 2
Event: 12.721 Thread 0x000002dc570e8930 Uncommon trap: trap_request=0xffffffde fr.pc=0x000002dc4817e34c relative=0x000000000000012c
Event: 12.721 Thread 0x000002dc570e8930 Uncommon trap: reason=class_check action=maybe_recompile pc=0x000002dc4817e34c method=java.util.regex.Pattern$BmpCharPredicate.lambda$union$2(Ljava/util/regex/Pattern$CharPredicate;I)Z @ 12 c2
Event: 12.721 Thread 0x000002dc570e8930 DEOPT PACKING pc=0x000002dc4817e34c sp=0x000000f426efdc00
Event: 12.721 Thread 0x000002dc570e8930 DEOPT UNPACKING pc=0x000002dc479623a3 sp=0x000000f426efdb18 mode 2
Event: 12.938 Thread 0x000002dc59ee1a60 Uncommon trap: trap_request=0xffffffde fr.pc=0x000002dc481b78c4 relative=0x00000000000001a4
Event: 12.938 Thread 0x000002dc59ee1a60 Uncommon trap: reason=class_check action=maybe_recompile pc=0x000002dc481b78c4 method=java.util.concurrent.locks.AbstractQueuedSynchronizer.acquireShared(I)V @ 2 c2
Event: 12.938 Thread 0x000002dc59ee1a60 DEOPT PACKING pc=0x000002dc481b78c4 sp=0x000000f4271ff330
Event: 12.938 Thread 0x000002dc59ee1a60 DEOPT UNPACKING pc=0x000002dc479623a3 sp=0x000000f4271ff308 mode 2
Event: 13.273 Thread 0x000002dc59ee1a60 Uncommon trap: trap_request=0xffffffde fr.pc=0x000002dc481b78c4 relative=0x00000000000001a4
Event: 13.273 Thread 0x000002dc59ee1a60 Uncommon trap: reason=class_check action=maybe_recompile pc=0x000002dc481b78c4 method=java.util.concurrent.locks.AbstractQueuedSynchronizer.acquireShared(I)V @ 2 c2
Event: 13.273 Thread 0x000002dc59ee1a60 DEOPT PACKING pc=0x000002dc481b78c4 sp=0x000000f4271ff330
Event: 13.273 Thread 0x000002dc59ee1a60 DEOPT UNPACKING pc=0x000002dc479623a3 sp=0x000000f4271ff308 mode 2

Classes unloaded (0 events):
No events

Classes redefined (0 events):
No events

Internal exceptions (20 events):
Event: 10.488 Thread 0x000002dc38b5a3d0 Exception <a 'sun/nio/fs/WindowsException'{0x00000000897c7820}> (0x00000000897c7820) 
thrown [s\open\src\hotspot\share\prims\jni.cpp, line 516]
Event: 10.488 Thread 0x000002dc38b5a3d0 Exception <a 'sun/nio/fs/WindowsException'{0x00000000897c7cb8}> (0x00000000897c7cb8) 
thrown [s\open\src\hotspot\share\prims\jni.cpp, line 516]
Event: 10.488 Thread 0x000002dc38b5a3d0 Exception <a 'sun/nio/fs/WindowsException'{0x00000000897c8da8}> (0x00000000897c8da8) 
thrown [s\open\src\hotspot\share\prims\jni.cpp, line 516]
Event: 10.488 Thread 0x000002dc38b5a3d0 Exception <a 'sun/nio/fs/WindowsException'{0x00000000897c9198}> (0x00000000897c9198) 
thrown [s\open\src\hotspot\share\prims\jni.cpp, line 516]
Event: 10.492 Thread 0x000002dc38b5a3d0 Exception <a 'sun/nio/fs/WindowsException'{0x00000000896a9178}> (0x00000000896a9178) 
thrown [s\open\src\hotspot\share\prims\jni.cpp, line 516]
Event: 10.496 Thread 0x000002dc38b5a3d0 Exception <a 'sun/nio/fs/WindowsException'{0x00000000896c0820}> (0x00000000896c0820) 
thrown [s\open\src\hotspot\share\prims\jni.cpp, line 516]
Event: 10.499 Thread 0x000002dc38b5a3d0 Exception <a 'sun/nio/fs/WindowsException'{0x00000000896d89c0}> (0x00000000896d89c0) 
thrown [s\open\src\hotspot\share\prims\jni.cpp, line 516]
Event: 10.499 Thread 0x000002dc38b5a3d0 Exception <a 'sun/nio/fs/WindowsException'{0x00000000896d9188}> (0x00000000896d9188) 
thrown [s\open\src\hotspot\share\prims\jni.cpp, line 516]
Event: 10.499 Thread 0x000002dc38b5a3d0 Exception <a 'sun/nio/fs/WindowsException'{0x00000000896d9748}> (0x00000000896d9748) 
thrown [s\open\src\hotspot\share\prims\jni.cpp, line 516]
Event: 10.499 Thread 0x000002dc38b5a3d0 Exception <a 'sun/nio/fs/WindowsException'{0x00000000896d9ed8}> (0x00000000896d9ed8) 
thrown [s\open\src\hotspot\share\prims\jni.cpp, line 516]
Event: 10.499 Thread 0x000002dc38b5a3d0 Exception <a 'sun/nio/fs/WindowsException'{0x00000000896da2b0}> (0x00000000896da2b0) 
thrown [s\open\src\hotspot\share\prims\jni.cpp, line 516]
Event: 10.499 Thread 0x000002dc38b5a3d0 Exception <a 'sun/nio/fs/WindowsException'{0x00000000896dafa8}> (0x00000000896dafa8) 
thrown [s\open\src\hotspot\share\prims\jni.cpp, line 516]
Event: 10.499 Thread 0x000002dc38b5a3d0 Exception <a 'sun/nio/fs/WindowsException'{0x00000000896db350}> (0x00000000896db350) 
thrown [s\open\src\hotspot\share\prims\jni.cpp, line 516]
Event: 10.499 Thread 0x000002dc38b5a3d0 Exception <a 'sun/nio/fs/WindowsException'{0x00000000896dc040}> (0x00000000896dc040) 
thrown [s\open\src\hotspot\share\prims\jni.cpp, line 516]
Event: 10.950 Thread 0x000002dc5b02a010 Exception <a 'java/lang/NoSuchMethodError'{0x0000000089a43c00}: 'java.lang.Object java.lang.invoke.DirectMethodHandle$Holder.invokeStaticInit(java.lang.Object, java.lang.Object, long, java.lang.Object)'> (0x0000000089a43c00) 
thrown [s\open\src\hotspot\share\interpreter\linkResolver.cpp, line 759]
Event: 10.950 Thread 0x000002dc5b02a010 Exception <a 'java/lang/NoSuchMethodError'{0x0000000089a4a2c8}: 'java.lang.Object java.lang.invoke.DirectMethodHandle$Holder.newInvokeSpecial(java.lang.Object, java.lang.Object, long)'> (0x0000000089a4a2c8) 
thrown [s\open\src\hotspot\share\interpreter\linkResolver.cpp, line 759]
Event: 10.951 Thread 0x000002dc5b02a010 Exception <a 'java/lang/NoSuchMethodError'{0x0000000089a4de38}: 'java.lang.Object java.lang.invoke.Invokers$Holder.linkToTargetMethod(java.lang.Object, long, java.lang.Object)'> (0x0000000089a4de38) 
thrown [s\open\src\hotspot\share\interpreter\linkResolver.cpp, line 759]
Event: 11.053 Thread 0x000002dc38b5a3d0 Exception <a 'java/lang/NoSuchMethodError'{0x00000000896ee038}: 'java.lang.Object java.lang.invoke.DirectMethodHandle$Holder.invokeStaticInit(java.lang.Object, java.lang.Object, int, int, int, int)'> (0x00000000896ee038) 
thrown [s\open\src\hotspot\share\interpreter\linkResolver.cpp, line 759]
Event: 11.313 Thread 0x000002dc38b5a3d0 Exception <a 'java/lang/NoSuchMethodError'{0x0000000088a41d08}: 'void java.lang.invoke.DirectMethodHandle$Holder.invokeStatic(java.lang.Object, long)'> (0x0000000088a41d08) 
thrown [s\open\src\hotspot\share\interpreter\linkResolver.cpp, line 759]
Event: 11.314 Thread 0x000002dc38b5a3d0 Exception <a 'java/lang/NoSuchMethodError'{0x0000000088a47358}: 'java.lang.Object java.lang.invoke.DirectMethodHandle$Holder.newInvokeSpecial(java.lang.Object, long)'> (0x0000000088a47358) 
thrown [s\open\src\hotspot\share\interpreter\linkResolver.cpp, line 759]

VM Operations (20 events):
Event: 10.732 Executing VM operation: G1CollectForAllocation done
Event: 10.922 Executing VM operation: HandshakeAllThreads
Event: 10.922 Executing VM operation: HandshakeAllThreads done
Event: 11.316 Executing VM operation: HandshakeAllThreads
Event: 11.316 Executing VM operation: HandshakeAllThreads done
Event: 11.316 Executing VM operation: HandshakeAllThreads
Event: 11.316 Executing VM operation: HandshakeAllThreads done
Event: 11.320 Executing VM operation: HandshakeAllThreads
Event: 11.320 Executing VM operation: HandshakeAllThreads done
Event: 11.329 Executing VM operation: HandshakeAllThreads
Event: 11.329 Executing VM operation: HandshakeAllThreads done
Event: 12.340 Executing VM operation: Cleanup
Event: 12.340 Executing VM operation: Cleanup done
Event: 13.349 Executing VM operation: Cleanup
Event: 13.349 Executing VM operation: Cleanup done
Event: 19.389 Executing VM operation: Cleanup
Event: 19.390 Executing VM operation: Cleanup done
Event: 21.402 Executing VM operation: Cleanup
Event: 21.402 Executing VM operation: Cleanup done
Event: 23.419 Executing VM operation: G1CollectForAllocation

Events (20 events):
Event: 11.316 loading class jdk/internal/event/Event
Event: 11.316 loading class jdk/internal/event/Event done
Event: 11.317 loading class jdk/internal/event/ProcessStartEvent done
Event: 11.317 loading class java/nio/channels/ClosedChannelException
Event: 11.317 loading class java/nio/channels/ClosedChannelException done
Event: 11.320 loading class java/nio/channels/NonReadableChannelException
Event: 11.321 loading class java/nio/channels/NonReadableChannelException done
Event: 11.325 Thread 0x000002dc563e63b0 flushing nmethod 0x000002dc40bd1010
Event: 11.327 Thread 0x000002dc563e63b0 flushing nmethod 0x000002dc40e76610
Event: 11.329 Thread 0x000002dc563e63b0 flushing nmethod 0x000002dc4108ad10
Event: 11.330 loading class java/nio/channels/NonWritableChannelException
Event: 11.330 loading class java/nio/channels/NonWritableChannelException done
Event: 11.347 Thread 0x000002dc59ee1590 Thread added: 0x000002dc59ee1590
Event: 11.347 Thread 0x000002dc59ee0bf0 Thread added: 0x000002dc59ee0bf0
Event: 11.351 loading class java/util/Scanner
Event: 11.352 loading class java/util/Scanner done
Event: 11.353 loading class java/util/Scanner$PatternLRUCache
Event: 11.353 loading class java/util/Scanner$PatternLRUCache done
Event: 11.359 Thread 0x000002dc59ee1a60 Thread added: 0x000002dc59ee1a60
Event: 12.721 Thread 0x000002dc575a5b40 Thread exited: 0x000002dc575a5b40


Dynamic libraries:
0x00007ff6f3700000 - 0x00007ff6f3710000 	E:\Java\jdk-17.0.7\jdk-17.0.7\bin\java.exe
0x00007ffdf4c50000 - 0x00007ffdf4e48000 	C:\Windows\SYSTEM32\ntdll.dll
0x00007ffdf4610000 - 0x00007ffdf46d2000 	C:\Windows\System32\KERNEL32.DLL
0x00007ffdf27f0000 - 0x00007ffdf2aee000 	C:\Windows\System32\KERNELBASE.dll
0x00007ffdf2560000 - 0x00007ffdf2660000 	C:\Windows\System32\ucrtbase.dll
0x00007ffde8cf0000 - 0x00007ffde8d0b000 	E:\Java\jdk-17.0.7\jdk-17.0.7\bin\VCRUNTIME140.dll
0x00007ffdec3d0000 - 0x00007ffdec3e9000 	E:\Java\jdk-17.0.7\jdk-17.0.7\bin\jli.dll
0x00007ffdf2e80000 - 0x00007ffdf2f31000 	C:\Windows\System32\ADVAPI32.dll
0x00007ffdf4570000 - 0x00007ffdf460e000 	C:\Windows\System32\msvcrt.dll
0x00007ffdf2f40000 - 0x00007ffdf2fdf000 	C:\Windows\System32\sechost.dll
0x00007ffdf3b60000 - 0x00007ffdf3c83000 	C:\Windows\System32\RPCRT4.dll
0x00007ffdf2340000 - 0x00007ffdf2367000 	C:\Windows\System32\bcrypt.dll
0x00007ffdf4070000 - 0x00007ffdf420d000 	C:\Windows\System32\USER32.dll
0x00007ffdf2af0000 - 0x00007ffdf2b12000 	C:\Windows\System32\win32u.dll
0x00007ffde2140000 - 0x00007ffde23da000 	C:\Windows\WinSxS\amd64_microsoft.windows.common-controls_6595b64144ccf1df_6.0.19041.4355_none_60b8b9eb71f62e16\COMCTL32.dll
0x00007ffdf4be0000 - 0x00007ffdf4c0b000 	C:\Windows\System32\GDI32.dll
0x00007ffdf26d0000 - 0x00007ffdf27e7000 	C:\Windows\System32\gdi32full.dll
0x00007ffdf2b20000 - 0x00007ffdf2bbd000 	C:\Windows\System32\msvcp_win.dll
0x00007ffdead80000 - 0x00007ffdead8a000 	C:\Windows\SYSTEM32\VERSION.dll
0x00007ffdf2d90000 - 0x00007ffdf2dbf000 	C:\Windows\System32\IMM32.DLL
0x00007ffdebd30000 - 0x00007ffdebd3c000 	E:\Java\jdk-17.0.7\jdk-17.0.7\bin\vcruntime140_1.dll
0x00007ffdb5920000 - 0x00007ffdb59ae000 	E:\Java\jdk-17.0.7\jdk-17.0.7\bin\msvcp140.dll
0x00007ffd449f0000 - 0x00007ffd455cd000 	E:\Java\jdk-17.0.7\jdk-17.0.7\bin\server\jvm.dll
0x00007ffdf2e70000 - 0x00007ffdf2e78000 	C:\Windows\System32\PSAPI.DLL
0x00007ffde0440000 - 0x00007ffde0449000 	C:\Windows\SYSTEM32\WSOCK32.dll
0x00007ffde1840000 - 0x00007ffde1867000 	C:\Windows\SYSTEM32\WINMM.dll
0x00007ffdf4220000 - 0x00007ffdf428b000 	C:\Windows\System32\WS2_32.dll
0x00007ffdf0b10000 - 0x00007ffdf0b22000 	C:\Windows\SYSTEM32\kernel.appcore.dll
0x00007ffdeb830000 - 0x00007ffdeb83a000 	E:\Java\jdk-17.0.7\jdk-17.0.7\bin\jimage.dll
0x00007ffdf0020000 - 0x00007ffdf0204000 	C:\Windows\SYSTEM32\DBGHELP.DLL
0x00007ffddf020000 - 0x00007ffddf054000 	C:\Windows\SYSTEM32\dbgcore.DLL
0x00007ffdf24d0000 - 0x00007ffdf2552000 	C:\Windows\System32\bcryptPrimitives.dll
0x00007ffde1400000 - 0x00007ffde1425000 	E:\Java\jdk-17.0.7\jdk-17.0.7\bin\java.dll
0x00007ffdaac20000 - 0x00007ffdaacf7000 	E:\Java\jdk-17.0.7\jdk-17.0.7\bin\jsvml.dll
0x00007ffdf32b0000 - 0x00007ffdf3a1d000 	C:\Windows\System32\SHELL32.dll
0x00007ffdf0210000 - 0x00007ffdf09b4000 	C:\Windows\SYSTEM32\windows.storage.dll
0x00007ffdf3d10000 - 0x00007ffdf4063000 	C:\Windows\System32\combase.dll
0x00007ffdf1d20000 - 0x00007ffdf1d4e000 	C:\Windows\SYSTEM32\Wldp.dll
0x00007ffdf3a20000 - 0x00007ffdf3aed000 	C:\Windows\System32\OLEAUT32.dll
0x00007ffdf2dc0000 - 0x00007ffdf2e6d000 	C:\Windows\System32\SHCORE.dll
0x00007ffdf3af0000 - 0x00007ffdf3b45000 	C:\Windows\System32\shlwapi.dll
0x00007ffdf2220000 - 0x00007ffdf2244000 	C:\Windows\SYSTEM32\profapi.dll
0x00007ffde8b70000 - 0x00007ffde8b89000 	E:\Java\jdk-17.0.7\jdk-17.0.7\bin\net.dll
0x00007ffde8530000 - 0x00007ffde863d000 	C:\Windows\SYSTEM32\WINHTTP.dll
0x00007ffdf1a80000 - 0x00007ffdf1aea000 	C:\Windows\system32\mswsock.dll
0x00007ffddb870000 - 0x00007ffddb886000 	E:\Java\jdk-17.0.7\jdk-17.0.7\bin\nio.dll
0x00007ffddb340000 - 0x00007ffddb358000 	E:\Java\jdk-17.0.7\jdk-17.0.7\bin\zip.dll
0x00007ffddb600000 - 0x00007ffddb610000 	E:\Java\jdk-17.0.7\jdk-17.0.7\bin\verify.dll
0x00007ffdeed80000 - 0x00007ffdeed8a000 	D:\apache-maven-3.6.3-bin\lib\jansi-native\windows64\jansi.dll
0x00007ffdf1c80000 - 0x00007ffdf1c98000 	C:\Windows\SYSTEM32\CRYPTSP.dll
0x00007ffdf1330000 - 0x00007ffdf1364000 	C:\Windows\system32\rsaenh.dll
0x00007ffdf21e0000 - 0x00007ffdf220e000 	C:\Windows\SYSTEM32\USERENV.dll
0x00007ffdf1c70000 - 0x00007ffdf1c7c000 	C:\Windows\SYSTEM32\CRYPTBASE.dll
0x00007ffdf1710000 - 0x00007ffdf174b000 	C:\Windows\SYSTEM32\IPHLPAPI.DLL
0x00007ffdf4210000 - 0x00007ffdf4218000 	C:\Windows\System32\NSI.dll
0x00007ffde9010000 - 0x00007ffde9027000 	C:\Windows\SYSTEM32\dhcpcsvc6.DLL
0x00007ffde95c0000 - 0x00007ffde95dd000 	C:\Windows\SYSTEM32\dhcpcsvc.DLL
0x00007ffdf1750000 - 0x00007ffdf181a000 	C:\Windows\SYSTEM32\DNSAPI.dll

dbghelp: loaded successfully - version: 4.0.5 - missing functions: none
symbol engine: initialized successfully - sym options: 0x614 - pdb path: .;E:\Java\jdk-17.0.7\jdk-17.0.7\bin;C:\Windows\SYSTEM32;C:\Windows\WinSxS\amd64_microsoft.windows.common-controls_6595b64144ccf1df_6.0.19041.4355_none_60b8b9eb71f62e16;E:\Java\jdk-17.0.7\jdk-17.0.7\bin\server;D:\apache-maven-3.6.3-bin\lib\jansi-native\windows64

VM Arguments:
jvm_args: -Dclassworlds.conf=D:\apache-maven-3.6.3-bin\bin\..\bin\m2.conf -Dmaven.home=D:\apache-maven-3.6.3-bin\bin\.. -Dlibrary.jansi.path=D:\apache-maven-3.6.3-bin\bin\..\lib\jansi-native -Dmaven.multiModuleProjectDirectory=D:\SpringBoot_Ang_K8_CICD_AWS_24_Dec_2024 - For_Elcipse2024-12\restaurantlisting 
java_command: org.codehaus.plexus.classworlds.launcher.Launcher install
java_class_path (initial): D:\apache-maven-3.6.3-bin\bin\..\boot\plexus-classworlds-2.6.0.jar
Launcher Type: SUN_STANDARD

[Global flags]
     intx CICompilerCount                          = 3                                         {product} {ergonomic}
     uint ConcGCThreads                            = 1                                         {product} {ergonomic}
     uint G1ConcRefinementThreads                  = 4                                         {product} {ergonomic}
   size_t G1HeapRegionSize                         = 1048576                                   {product} {ergonomic}
    uintx GCDrainStackTargetSize                   = 64                                        {product} {ergonomic}
   size_t InitialHeapSize                          = 132120576                                 {product} {ergonomic}
   size_t MarkStackSize                            = 4194304                                   {product} {ergonomic}
   size_t MaxHeapSize                              = 2113929216                                {product} {ergonomic}
   size_t MaxNewSize                               = 1267728384                                {product} {ergonomic}
   size_t MinHeapDeltaBytes                        = 1048576                                   {product} {ergonomic}
   size_t MinHeapSize                              = 8388608                                   {product} {ergonomic}
    uintx NonNMethodCodeHeapSize                   = 5832780                                {pd product} {ergonomic}
    uintx NonProfiledCodeHeapSize                  = 122912730                              {pd product} {ergonomic}
    uintx ProfiledCodeHeapSize                     = 122912730                              {pd product} {ergonomic}
    uintx ReservedCodeCacheSize                    = 251658240                              {pd product} {ergonomic}
     bool SegmentedCodeCache                       = true                                      {product} {ergonomic}
   size_t SoftMaxHeapSize                          = 2113929216                             {manageable} {ergonomic}
     bool UseCompressedClassPointers               = true                           {product lp64_product} {ergonomic}
     bool UseCompressedOops                        = true                           {product lp64_product} {ergonomic}
     bool UseG1GC                                  = true                                      {product} {ergonomic}
     bool UseLargePagesIndividualAllocation        = false                                  {pd product} {ergonomic}

Logging:
Log output configuration:
 #0: stdout all=warning uptime,level,tags
 #1: stderr all=off uptime,level,tags

Environment Variables:
JAVA_HOME=E:\Java\jdk-17.0.7\jdk-17.0.7
PATH=E:\Java\jdk-17.0.7\jdk-17.0.7\bin;E:\app\Atharva\virtual\product\12.2.0\dbhome_1\bin;C:\Python39\Scripts\;C:\Python39\;C:\Windows\system32;C:\Windows;C:\Windows\System32\Wbem;C:\Windows\System32\WindowsPowerShell\v1.0\;C:\Windows\System32\OpenSSH\;C:\Program Files\Git\cmd;C:\Program Files\Microsoft SQL Server\Client SDK\ODBC\170\Tools\Binn\;C:\Program Files\TortoiseSVN\bin;D:\PuttyInstalled\;D:\apache-maven-3.6.3-bin\bin;C:\Program Files\nodejsVersion14_16\;C:\ProgramData\chocolatey\bin;C:\Program Files (x86)\Microsoft SQL Server\150\Tools\Binn\;C:\Program Files\Microsoft SQL Server\150\Tools\Binn\;C:\Program Files\Microsoft SQL Server\150\DTS\Binn\;D:\apache-maven-3.6.3-bin\bin;C:\Users\Atharva\Downloads\apache-ant-1.9.16-bin\apache-ant-1.9.16\bin;D:\xamppInsatlled\php;D:\composerInsatlled;C:\Program Files (x86)\Microsoft SQL Server\90\Tools\binn\;C:\Program Files\Microsoft SQL Server\130\Tools\Binn\;C:\Program Files\Docker\Docker\resources\bin;C:\Program Files\Amazon\AWSCLIV2\;E:\Java\jdk-17.0.7\jdk-17.0.7\bin;C:\Program Files\MySQL\MySQL Shell 8.0\bin\;D:\Python3_12_Installed\Scripts;D:\Python3_12_Installed;C:\Users\Atharva\AppData\Local\Microsoft\WindowsApps;C:\Users\Atharva\AppData\Local\Programs\Microsoft VS Code\bin;C:\Program Files\JetBrains\WebStorm 2020.3\bin;;C:\Users\Atharva\AppData\Roaming\npm;C:\Users\Atharva\Downloads\apache-ant-1.9.16-bin\apache-ant-1.9.16\bin;C:\Users\Atharva\AppData\Roaming\Composer\vendor\bin;D:\apache-maven-3.6.3-bin\bin;D:\apache-maven-3.6.3-bin\bin;D:\IntellijCommunityEditionInstalleD\bin;;
USERNAME=Atharva
OS=Windows_NT
PROCESSOR_IDENTIFIER=Intel64 Family 6 Model 142 Stepping 9, GenuineIntel



---------------  S Y S T E M  ---------------

OS:
 Windows 10 , 64 bit Build 19041 (10.0.19041.5198)
OS uptime: 0 days 2:45 hours

CPU: total 4 (initial active 4) (2 cores per cpu, 2 threads per core) family 6 model 142 stepping 9 microcode 0xb4, cx8, cmov, fxsr, ht, mmx, 3dnowpref, sse, sse2, sse3, ssse3, sse4.1, sse4.2, popcnt, lzcnt, tsc, tscinvbit, avx, avx2, aes, erms, clmul, bmi1, bmi2, adx, fma, vzeroupper, clflush, clflushopt

Memory: 4k page, system-wide physical 8058M (910M free)
TotalPageFile size 16834M (AvailPageFile size 25M)
current process WorkingSet (physical memory assigned to process): 278M, peak: 313M
current process commit charge ("private bytes"): 301M, peak: 469M

vm_info: Java HotSpot(TM) 64-Bit Server VM (17.0.7+8-LTS-224) for windows-amd64 JRE (17.0.7+8-LTS-224), built on Feb 28 2023 23:03:02 by "mach5one" with MS VC++ 17.1 (VS2022)

END.
