#
# There is insufficient memory for the Java Runtime Environment to continue.
# Native memory allocation (mmap) failed to map 287309824 bytes for G1 virtual space
# Possible reasons:
#   The system is out of physical RAM or swap space
#   The process is running with CompressedOops enabled, and the Java Heap may be blocking the growth of the native heap
# Possible solutions:
#   Reduce memory load on the system
#   Increase physical memory or swap space
#   Check if swap backing store is full
#   Decrease Java heap size (-Xmx/-Xms)
#   Decrease number of Java threads
#   Decrease Java thread stack sizes (-Xss)
#   Set larger code cache with -XX:ReservedCodeCacheSize=
#   JVM is running with Unscaled Compressed Oops mode in which the Java heap is
#     placed in the first 4GB address space. The Java Heap base address is the
#     maximum limit for the native heap growth. Please use -XX:HeapBaseMinAddress
#     to set the Java Heap base and to place the Java Heap above 4GB virtual address.
# This output file may be truncated or incomplete.
#
#  Out of Memory Error (os_windows.cpp:3550), pid=19452, tid=1712
#
# JRE version: Java(TM) SE Runtime Environment (17.0.7+8) (build 17.0.7+8-LTS-224)
# Java VM: Java HotSpot(TM) 64-Bit Server VM (17.0.7+8-LTS-224, mixed mode, sharing, tiered, compressed oops, compressed class ptrs, g1 gc, windows-amd64)
# No core dump will be written. Minidumps are not enabled by default on client versions of Windows
#

---------------  S U M M A R Y ------------

Command Line: -Dclassworlds.conf=D:\apache-maven-3.6.3-bin\bin\..\bin\m2.conf -Dmaven.home=D:\apache-maven-3.6.3-bin\bin\.. -Dlibrary.jansi.path=D:\apache-maven-3.6.3-bin\bin\..\lib\jansi-native -Dmaven.multiModuleProjectDirectory=D:\SpringBoot_Ang_K8_CICD_AWS_24_Dec_2024 - For_Elcipse2024-12\restaurantlisting org.codehaus.plexus.classworlds.launcher.Launcher clean verify sonar:sonar \

Host: Intel(R) Core(TM) i5-7200U CPU @ 2.50GHz, 4 cores, 7G,  Windows 10 , 64 bit Build 19041 (10.0.19041.5198)
Time: Tue Jan 14 15:55:12 2025 India Standard Time elapsed time: 15.447074 seconds (0d 0h 0m 15s)

---------------  T H R E A D  ---------------

Current thread (0x000001cd346d4e10):  VMThread "VM Thread" [stack: 0x00000023a4700000,0x00000023a4800000] [id=1712]

Stack: [0x00000023a4700000,0x00000023a4800000]
Native frames: (J=compiled Java code, j=interpreted, Vv=VM code, C=native code)
V  [jvm.dll+0x676a4a]
V  [jvm.dll+0x7d74f4]
V  [jvm.dll+0x7d8c9e]
V  [jvm.dll+0x7d9303]
V  [jvm.dll+0x2452c5]
V  [jvm.dll+0x6738f9]
V  [jvm.dll+0x668232]
V  [jvm.dll+0x302826]
V  [jvm.dll+0x309da6]
V  [jvm.dll+0x35952e]
V  [jvm.dll+0x35975f]
V  [jvm.dll+0x2d9a38]
V  [jvm.dll+0x2d7e45]
V  [jvm.dll+0x2d744c]
V  [jvm.dll+0x31ab1b]
V  [jvm.dll+0x7ddb0b]
V  [jvm.dll+0x7de844]
V  [jvm.dll+0x7ded5d]
V  [jvm.dll+0x7df134]
V  [jvm.dll+0x7df200]
V  [jvm.dll+0x78759a]
V  [jvm.dll+0x675875]
C  [ucrtbase.dll+0x21bb2]
C  [KERNEL32.DLL+0x17374]
C  [ntdll.dll+0x4cc91]

VM_Operation (0x00000023a41fc810): G1CollectForAllocation, mode: safepoint, requested by thread 0x000001cd16ef9880


---------------  P R O C E S S  ---------------

Threads class SMR info:
_java_thread_list=0x000001cd36b97480, length=12, elements={
0x000001cd16ef9880, 0x000001cd346d8910, 0x000001cd346d9690, 0x000001cd346ef900,
0x000001cd346f32e0, 0x000001cd346f3ba0, 0x000001cd346fc470, 0x000001cd34700560,
0x000001cd34703b30, 0x000001cd34707c30, 0x000001cd351b4b90, 0x000001cd351bbee0
}

Java Threads: ( => current thread )
  0x000001cd16ef9880 JavaThread "main" [_thread_blocked, id=16448, stack(0x00000023a4100000,0x00000023a4200000)]
  0x000001cd346d8910 JavaThread "Reference Handler" daemon [_thread_blocked, id=2004, stack(0x00000023a4800000,0x00000023a4900000)]
  0x000001cd346d9690 JavaThread "Finalizer" daemon [_thread_blocked, id=17588, stack(0x00000023a4900000,0x00000023a4a00000)]
  0x000001cd346ef900 JavaThread "Signal Dispatcher" daemon [_thread_blocked, id=12240, stack(0x00000023a4a00000,0x00000023a4b00000)]
  0x000001cd346f32e0 JavaThread "Attach Listener" daemon [_thread_blocked, id=11472, stack(0x00000023a4b00000,0x00000023a4c00000)]
  0x000001cd346f3ba0 JavaThread "Service Thread" daemon [_thread_blocked, id=1308, stack(0x00000023a4c00000,0x00000023a4d00000)]
  0x000001cd346fc470 JavaThread "Monitor Deflation Thread" daemon [_thread_blocked, id=11664, stack(0x00000023a4d00000,0x00000023a4e00000)]
  0x000001cd34700560 JavaThread "C2 CompilerThread0" daemon [_thread_blocked, id=6760, stack(0x00000023a4e00000,0x00000023a4f00000)]
  0x000001cd34703b30 JavaThread "C1 CompilerThread0" daemon [_thread_blocked, id=2884, stack(0x00000023a4f00000,0x00000023a5000000)]
  0x000001cd34707c30 JavaThread "Sweeper thread" daemon [_thread_blocked, id=2964, stack(0x00000023a5000000,0x00000023a5100000)]
  0x000001cd351b4b90 JavaThread "Notification Thread" daemon [_thread_blocked, id=17112, stack(0x00000023a5100000,0x00000023a5200000)]
  0x000001cd351bbee0 JavaThread "Common-Cleaner" daemon [_thread_blocked, id=15776, stack(0x00000023a5300000,0x00000023a5400000)]

Other Threads:
=>0x000001cd346d4e10 VMThread "VM Thread" [stack: 0x00000023a4700000,0x00000023a4800000] [id=1712]
  0x000001cd351bbaa0 WatcherThread [stack: 0x00000023a5200000,0x00000023a5300000] [id=19152]
  0x000001cd16f52460 GCTaskThread "GC Thread#0" [stack: 0x00000023a4200000,0x00000023a4300000] [id=15256]
  0x000001cd3527ef80 GCTaskThread "GC Thread#1" [stack: 0x00000023a5400000,0x00000023a5500000] [id=17884]
  0x000001cd3597ee00 GCTaskThread "GC Thread#2" [stack: 0x00000023a5500000,0x00000023a5600000] [id=7396]
  0x000001cd35946720 GCTaskThread "GC Thread#3" [stack: 0x00000023a5600000,0x00000023a5700000] [id=19088]
  0x000001cd16f65670 ConcurrentGCThread "G1 Main Marker" [stack: 0x00000023a4300000,0x00000023a4400000] [id=2032]
  0x000001cd16f65f90 ConcurrentGCThread "G1 Conc#0" [stack: 0x00000023a4400000,0x00000023a4500000] [id=7508]
  0x000001cd16fce6a0 ConcurrentGCThread "G1 Refine#0" [stack: 0x00000023a4500000,0x00000023a4600000] [id=15344]
  0x000001cd365085e0 ConcurrentGCThread "G1 Refine#1" [stack: 0x00000023a5700000,0x00000023a5800000] [id=5900]
  0x000001cd396a3860 ConcurrentGCThread "G1 Refine#2" [stack: 0x00000023a5800000,0x00000023a5900000] [id=12268]
  0x000001cd34590090 ConcurrentGCThread "G1 Service" [stack: 0x00000023a4600000,0x00000023a4700000] [id=18536]

Threads with active compile tasks:
C2 CompilerThread0    15505 8847       4       java.util.regex.Pattern::compile (500 bytes)

VM state: at safepoint (normal execution)

VM Mutex/Monitor currently owned by a thread:  ([mutex/lock_event])
[0x000001cd16ef4db0] Threads_lock - owner thread: 0x000001cd346d4e10
[0x000001cd16ef6550] Heap_lock - owner thread: 0x000001cd16ef9880

Heap address: 0x0000000082000000, size: 2016 MB, Compressed Oops mode: 32-bit

CDS archive(s) mapped at: [0x0000000800000000-0x0000000800bd0000-0x0000000800bd0000), size 12386304, SharedBaseAddress: 0x0000000800000000, ArchiveRelocationMode: 0.
Compressed class space mapped at: 0x0000000800c00000-0x0000000840c00000, reserved size: 1073741824
Narrow klass base: 0x0000000800000000, Narrow klass shift: 0, Narrow klass range: 0x100000000

GC Precious Log:
 CPUs: 4 total, 4 available
 Memory: 8058M
 Large Page Support: Disabled
 NUMA Support: Disabled
 Compressed Oops: Enabled (32-bit)
 Heap Region Size: 1M
 Heap Min Capacity: 8M
 Heap Initial Capacity: 126M
 Heap Max Capacity: 2016M
 Pre-touch: Disabled
 Parallel Workers: 4
 Concurrent Workers: 1
 Concurrent Refinement Workers: 4
 Periodic GC: Disabled

Heap:
 garbage-first heap   total 140288K, used 80896K [0x0000000082000000, 0x0000000100000000)
  region size 1024K, 4 young (4096K), 4 survivors (4096K)
 Metaspace       used 42548K, committed 43008K, reserved 1089536K
  class space    used 4899K, committed 5120K, reserved 1048576K

Heap Regions: E=young(eden), S=young(survivor), O=old, HS=humongous(starts), HC=humongous(continues), CS=collection set, F=free, OA=open archive, CA=closed archive, TAMS=top-at-mark-start (previous, next)
|   0|0x0000000082000000, 0x0000000082100000, 0x0000000082100000|100%| O|  |TAMS 0x0000000082100000, 0x0000000082100000| Untracked 
|   1|0x0000000082100000, 0x0000000082200000, 0x0000000082200000|100%| O|  |TAMS 0x0000000082200000, 0x0000000082200000| Untracked 
|   2|0x0000000082200000, 0x0000000082300000, 0x0000000082300000|100%| O|  |TAMS 0x0000000082300000, 0x0000000082300000| Untracked 
|   3|0x0000000082300000, 0x0000000082400000, 0x0000000082400000|100%| O|  |TAMS 0x0000000082400000, 0x0000000082400000| Untracked 
|   4|0x0000000082400000, 0x0000000082500000, 0x0000000082500000|100%| O|  |TAMS 0x0000000082500000, 0x0000000082500000| Untracked 
|   5|0x0000000082500000, 0x0000000082600000, 0x0000000082600000|100%| O|  |TAMS 0x0000000082600000, 0x0000000082600000| Untracked 
|   6|0x0000000082600000, 0x0000000082700000, 0x0000000082700000|100%| O|  |TAMS 0x0000000082700000, 0x0000000082700000| Untracked 
|   7|0x0000000082700000, 0x0000000082800000, 0x0000000082800000|100%| O|  |TAMS 0x0000000082800000, 0x0000000082800000| Untracked 
|   8|0x0000000082800000, 0x0000000082900000, 0x0000000082900000|100%| O|  |TAMS 0x0000000082900000, 0x0000000082900000| Untracked 
|   9|0x0000000082900000, 0x0000000082a00000, 0x0000000082a00000|100%| O|  |TAMS 0x0000000082a00000, 0x0000000082a00000| Untracked 
|  10|0x0000000082a00000, 0x0000000082b00000, 0x0000000082b00000|100%| O|  |TAMS 0x0000000082b00000, 0x0000000082b00000| Untracked 
|  11|0x0000000082b00000, 0x0000000082c00000, 0x0000000082c00000|100%| O|  |TAMS 0x0000000082c00000, 0x0000000082c00000| Untracked 
|  12|0x0000000082c00000, 0x0000000082d00000, 0x0000000082d00000|100%| O|  |TAMS 0x0000000082d00000, 0x0000000082d00000| Untracked 
|  13|0x0000000082d00000, 0x0000000082e00000, 0x0000000082e00000|100%| O|  |TAMS 0x0000000082e00000, 0x0000000082e00000| Untracked 
|  14|0x0000000082e00000, 0x0000000082f00000, 0x0000000082f00000|100%| O|  |TAMS 0x0000000082f00000, 0x0000000082f00000| Untracked 
|  15|0x0000000082f00000, 0x0000000083000000, 0x0000000083000000|100%| O|  |TAMS 0x0000000083000000, 0x0000000083000000| Untracked 
|  16|0x0000000083000000, 0x0000000083100000, 0x0000000083100000|100%| O|  |TAMS 0x0000000083100000, 0x0000000083100000| Untracked 
|  17|0x0000000083100000, 0x0000000083200000, 0x0000000083200000|100%| O|  |TAMS 0x0000000083200000, 0x0000000083200000| Untracked 
|  18|0x0000000083200000, 0x0000000083300000, 0x0000000083300000|100%| O|  |TAMS 0x0000000083300000, 0x0000000083300000| Untracked 
|  19|0x0000000083300000, 0x0000000083400000, 0x0000000083400000|100%| O|  |TAMS 0x0000000083400000, 0x0000000083400000| Untracked 
|  20|0x0000000083400000, 0x0000000083500000, 0x0000000083500000|100%| O|  |TAMS 0x0000000083500000, 0x0000000083500000| Untracked 
|  21|0x0000000083500000, 0x0000000083600000, 0x0000000083600000|100%| O|  |TAMS 0x0000000083600000, 0x0000000083600000| Untracked 
|  22|0x0000000083600000, 0x0000000083700000, 0x0000000083700000|100%| O|  |TAMS 0x0000000083700000, 0x0000000083700000| Untracked 
|  23|0x0000000083700000, 0x0000000083800000, 0x0000000083800000|100%| O|  |TAMS 0x0000000083800000, 0x0000000083800000| Untracked 
|  24|0x0000000083800000, 0x0000000083900000, 0x0000000083900000|100%| O|  |TAMS 0x0000000083900000, 0x0000000083900000| Untracked 
|  25|0x0000000083900000, 0x0000000083a00000, 0x0000000083a00000|100%| O|  |TAMS 0x0000000083a00000, 0x0000000083a00000| Untracked 
|  26|0x0000000083a00000, 0x0000000083b00000, 0x0000000083b00000|100%| O|  |TAMS 0x0000000083b00000, 0x0000000083b00000| Untracked 
|  27|0x0000000083b00000, 0x0000000083c00000, 0x0000000083c00000|100%| O|  |TAMS 0x0000000083c00000, 0x0000000083c00000| Untracked 
|  28|0x0000000083c00000, 0x0000000083d00000, 0x0000000083d00000|100%| O|  |TAMS 0x0000000083d00000, 0x0000000083d00000| Untracked 
|  29|0x0000000083d00000, 0x0000000083e00000, 0x0000000083e00000|100%| O|  |TAMS 0x0000000083e00000, 0x0000000083e00000| Untracked 
|  30|0x0000000083e00000, 0x0000000083f00000, 0x0000000083f00000|100%| O|  |TAMS 0x0000000083e00000, 0x0000000083e00000| Untracked 
|  31|0x0000000083f00000, 0x0000000084000000, 0x0000000084000000|100%| O|  |TAMS 0x0000000084000000, 0x0000000084000000| Untracked 
|  32|0x0000000084000000, 0x0000000084100000, 0x0000000084100000|100%| O|  |TAMS 0x0000000084000000, 0x0000000084100000| Untracked 
|  33|0x0000000084100000, 0x0000000084200000, 0x0000000084200000|100%|HS|  |TAMS 0x0000000084200000, 0x0000000084200000| Complete 
|  34|0x0000000084200000, 0x0000000084300000, 0x0000000084300000|100%|HC|  |TAMS 0x0000000084300000, 0x0000000084300000| Complete 
|  35|0x0000000084300000, 0x0000000084400000, 0x0000000084400000|100%| O|  |TAMS 0x0000000084300000, 0x0000000084400000| Untracked 
|  36|0x0000000084400000, 0x0000000084500000, 0x0000000084500000|100%| O|  |TAMS 0x0000000084500000, 0x0000000084500000| Untracked 
|  37|0x0000000084500000, 0x0000000084600000, 0x0000000084600000|100%| O|  |TAMS 0x0000000084600000, 0x0000000084600000| Untracked 
|  38|0x0000000084600000, 0x0000000084700000, 0x0000000084700000|100%| O|  |TAMS 0x0000000084700000, 0x0000000084700000| Untracked 
|  39|0x0000000084700000, 0x0000000084800000, 0x0000000084800000|100%| O|  |TAMS 0x0000000084800000, 0x0000000084800000| Untracked 
|  40|0x0000000084800000, 0x0000000084900000, 0x0000000084900000|100%| O|  |TAMS 0x0000000084800000, 0x0000000084800000| Untracked 
|  41|0x0000000084900000, 0x0000000084a00000, 0x0000000084a00000|100%| O|  |TAMS 0x0000000084a00000, 0x0000000084a00000| Untracked 
|  42|0x0000000084a00000, 0x0000000084b00000, 0x0000000084b00000|100%| O|  |TAMS 0x0000000084a00000, 0x0000000084ac4800| Untracked 
|  43|0x0000000084b00000, 0x0000000084c00000, 0x0000000084c00000|100%| O|  |TAMS 0x0000000084b00000, 0x0000000084b00000| Untracked 
|  44|0x0000000084c00000, 0x0000000084d00000, 0x0000000084d00000|100%| O|  |TAMS 0x0000000084c00000, 0x0000000084c00000| Untracked 
|  45|0x0000000084d00000, 0x0000000084e00000, 0x0000000084e00000|100%| O|  |TAMS 0x0000000084d00000, 0x0000000084d00000| Untracked 
|  46|0x0000000084e00000, 0x0000000084e00000, 0x0000000084f00000|  0%| F|  |TAMS 0x0000000084e00000, 0x0000000084e00000| Untracked 
|  47|0x0000000084f00000, 0x0000000084f00000, 0x0000000085000000|  0%| F|  |TAMS 0x0000000084f00000, 0x0000000084f00000| Untracked 
|  48|0x0000000085000000, 0x0000000085000000, 0x0000000085100000|  0%| F|  |TAMS 0x0000000085000000, 0x0000000085000000| Untracked 
|  49|0x0000000085100000, 0x0000000085100000, 0x0000000085200000|  0%| F|  |TAMS 0x0000000085100000, 0x0000000085100000| Untracked 
|  50|0x0000000085200000, 0x0000000085300000, 0x0000000085300000|100%| O|  |TAMS 0x0000000085300000, 0x0000000085300000| Untracked 
|  51|0x0000000085300000, 0x0000000085400000, 0x0000000085400000|100%| O|  |TAMS 0x0000000085400000, 0x0000000085400000| Untracked 
|  52|0x0000000085400000, 0x0000000085400000, 0x0000000085500000|  0%| F|  |TAMS 0x0000000085400000, 0x0000000085400000| Untracked 
|  53|0x0000000085500000, 0x0000000085600000, 0x0000000085600000|100%|HS|  |TAMS 0x0000000085500000, 0x0000000085600000| Complete 
|  54|0x0000000085600000, 0x0000000085700000, 0x0000000085700000|100%|HS|  |TAMS 0x0000000085600000, 0x0000000085700000| Complete 
|  55|0x0000000085700000, 0x0000000085700000, 0x0000000085800000|  0%| F|  |TAMS 0x0000000085700000, 0x0000000085700000| Untracked 
|  56|0x0000000085800000, 0x0000000085900000, 0x0000000085900000|100%| O|  |TAMS 0x0000000085900000, 0x0000000085900000| Untracked 
|  57|0x0000000085900000, 0x0000000085a00000, 0x0000000085a00000|100%| O|  |TAMS 0x0000000085900000, 0x0000000085a00000| Untracked 
|  58|0x0000000085a00000, 0x0000000085a00000, 0x0000000085b00000|  0%| F|  |TAMS 0x0000000085a00000, 0x0000000085a00000| Untracked 
|  59|0x0000000085b00000, 0x0000000085b00000, 0x0000000085c00000|  0%| F|  |TAMS 0x0000000085b00000, 0x0000000085b00000| Untracked 
|  60|0x0000000085c00000, 0x0000000085c00000, 0x0000000085d00000|  0%| F|  |TAMS 0x0000000085c00000, 0x0000000085c00000| Untracked 
|  61|0x0000000085d00000, 0x0000000085d00000, 0x0000000085e00000|  0%| F|  |TAMS 0x0000000085d00000, 0x0000000085d00000| Untracked 
|  62|0x0000000085e00000, 0x0000000085e00000, 0x0000000085f00000|  0%| F|  |TAMS 0x0000000085e00000, 0x0000000085e00000| Untracked 
|  63|0x0000000085f00000, 0x0000000085f00000, 0x0000000086000000|  0%| F|  |TAMS 0x0000000085f00000, 0x0000000085f00000| Untracked 
|  64|0x0000000086000000, 0x0000000086100000, 0x0000000086100000|100%| O|  |TAMS 0x0000000086100000, 0x0000000086100000| Untracked 
|  65|0x0000000086100000, 0x0000000086200000, 0x0000000086200000|100%| O|  |TAMS 0x0000000086200000, 0x0000000086200000| Untracked 
|  66|0x0000000086200000, 0x0000000086300000, 0x0000000086300000|100%| O|  |TAMS 0x0000000086300000, 0x0000000086300000| Untracked 
|  67|0x0000000086300000, 0x0000000086400000, 0x0000000086400000|100%| O|  |TAMS 0x0000000086400000, 0x0000000086400000| Untracked 
|  68|0x0000000086400000, 0x0000000086400000, 0x0000000086500000|  0%| F|  |TAMS 0x0000000086400000, 0x0000000086400000| Untracked 
|  69|0x0000000086500000, 0x0000000086600000, 0x0000000086600000|100%| O|  |TAMS 0x0000000086600000, 0x0000000086600000| Untracked 
|  70|0x0000000086600000, 0x0000000086700000, 0x0000000086700000|100%| O|  |TAMS 0x0000000086700000, 0x0000000086700000| Untracked 
|  71|0x0000000086700000, 0x0000000086800000, 0x0000000086800000|100%|HS|  |TAMS 0x0000000086700000, 0x0000000086800000| Complete 
|  72|0x0000000086800000, 0x0000000086900000, 0x0000000086900000|100%|HC|  |TAMS 0x0000000086800000, 0x0000000086900000| Complete 
|  73|0x0000000086900000, 0x0000000086a00000, 0x0000000086a00000|100%| O|  |TAMS 0x0000000086900000, 0x0000000086a00000| Untracked 
|  74|0x0000000086a00000, 0x0000000086b00000, 0x0000000086b00000|100%| O|  |TAMS 0x0000000086a00000, 0x0000000086b00000| Untracked 
|  75|0x0000000086b00000, 0x0000000086c00000, 0x0000000086c00000|100%| O|  |TAMS 0x0000000086b00000, 0x0000000086c00000| Untracked 
|  76|0x0000000086c00000, 0x0000000086d00000, 0x0000000086d00000|100%| O|  |TAMS 0x0000000086c00000, 0x0000000086d00000| Untracked 
|  77|0x0000000086d00000, 0x0000000086e00000, 0x0000000086e00000|100%| O|  |TAMS 0x0000000086d00000, 0x0000000086e00000| Untracked 
|  78|0x0000000086e00000, 0x0000000086f00000, 0x0000000086f00000|100%| O|  |TAMS 0x0000000086e00000, 0x0000000086f00000| Untracked 
|  79|0x0000000086f00000, 0x0000000087000000, 0x0000000087000000|100%| O|  |TAMS 0x0000000086f00000, 0x0000000087000000| Untracked 
|  80|0x0000000087000000, 0x0000000087100000, 0x0000000087100000|100%| O|  |TAMS 0x0000000087000000, 0x0000000087100000| Untracked 
|  81|0x0000000087100000, 0x0000000087200000, 0x0000000087200000|100%| O|  |TAMS 0x0000000087100000, 0x0000000087200000| Untracked 
|  82|0x0000000087200000, 0x0000000087300000, 0x0000000087300000|100%| O|  |TAMS 0x0000000087200000, 0x0000000087300000| Untracked 
|  83|0x0000000087300000, 0x0000000087400000, 0x0000000087400000|100%| O|  |TAMS 0x0000000087300000, 0x0000000087400000| Untracked 
|  84|0x0000000087400000, 0x0000000087500000, 0x0000000087500000|100%| O|  |TAMS 0x0000000087400000, 0x0000000087500000| Untracked 
|  85|0x0000000087500000, 0x0000000087600000, 0x0000000087600000|100%| O|  |TAMS 0x0000000087500000, 0x0000000087600000| Untracked 
|  86|0x0000000087600000, 0x0000000087700000, 0x0000000087700000|100%| O|  |TAMS 0x0000000087600000, 0x0000000087700000| Untracked 
|  87|0x0000000087700000, 0x0000000087800000, 0x0000000087800000|100%| O|  |TAMS 0x0000000087700000, 0x0000000087800000| Untracked 
|  88|0x0000000087800000, 0x0000000087800000, 0x0000000087900000|  0%| F|  |TAMS 0x0000000087800000, 0x0000000087800000| Untracked 
|  89|0x0000000087900000, 0x0000000087900000, 0x0000000087a00000|  0%| F|  |TAMS 0x0000000087900000, 0x0000000087900000| Untracked 
|  90|0x0000000087a00000, 0x0000000087a00000, 0x0000000087b00000|  0%| F|  |TAMS 0x0000000087a00000, 0x0000000087a00000| Untracked 
|  91|0x0000000087b00000, 0x0000000087b00000, 0x0000000087c00000|  0%| F|  |TAMS 0x0000000087b00000, 0x0000000087b00000| Untracked 
|  92|0x0000000087c00000, 0x0000000087c00000, 0x0000000087d00000|  0%| F|  |TAMS 0x0000000087c00000, 0x0000000087c00000| Untracked 
|  93|0x0000000087d00000, 0x0000000087d00000, 0x0000000087e00000|  0%| F|  |TAMS 0x0000000087d00000, 0x0000000087d00000| Untracked 
|  94|0x0000000087e00000, 0x0000000087e00000, 0x0000000087f00000|  0%| F|  |TAMS 0x0000000087e00000, 0x0000000087e00000| Untracked 
|  95|0x0000000087f00000, 0x0000000087f00000, 0x0000000088000000|  0%| F|  |TAMS 0x0000000087f00000, 0x0000000087f00000| Untracked 
|  96|0x0000000088000000, 0x0000000088000000, 0x0000000088100000|  0%| F|  |TAMS 0x0000000088000000, 0x0000000088000000| Untracked 
|  97|0x0000000088100000, 0x0000000088100000, 0x0000000088200000|  0%| F|  |TAMS 0x0000000088100000, 0x0000000088100000| Untracked 
|  98|0x0000000088200000, 0x0000000088200000, 0x0000000088300000|  0%| F|  |TAMS 0x0000000088200000, 0x0000000088200000| Untracked 
|  99|0x0000000088300000, 0x0000000088300000, 0x0000000088400000|  0%| F|  |TAMS 0x0000000088300000, 0x0000000088300000| Untracked 
| 100|0x0000000088400000, 0x0000000088400000, 0x0000000088500000|  0%| F|  |TAMS 0x0000000088400000, 0x0000000088400000| Untracked 
| 101|0x0000000088500000, 0x0000000088500000, 0x0000000088600000|  0%| F|  |TAMS 0x0000000088500000, 0x0000000088500000| Untracked 
| 102|0x0000000088600000, 0x0000000088600000, 0x0000000088700000|  0%| F|  |TAMS 0x0000000088600000, 0x0000000088600000| Untracked 
| 103|0x0000000088700000, 0x0000000088700000, 0x0000000088800000|  0%| F|  |TAMS 0x0000000088700000, 0x0000000088700000| Untracked 
| 104|0x0000000088800000, 0x0000000088800000, 0x0000000088900000|  0%| F|  |TAMS 0x0000000088800000, 0x0000000088800000| Untracked 
| 105|0x0000000088900000, 0x0000000088a00000, 0x0000000088a00000|100%| S|CS|TAMS 0x0000000088900000, 0x0000000088900000| Complete 
| 106|0x0000000088a00000, 0x0000000088b00000, 0x0000000088b00000|100%| S|CS|TAMS 0x0000000088a00000, 0x0000000088a00000| Complete 
| 107|0x0000000088b00000, 0x0000000088c00000, 0x0000000088c00000|100%| S|CS|TAMS 0x0000000088b00000, 0x0000000088b00000| Complete 
| 108|0x0000000088c00000, 0x0000000088d00000, 0x0000000088d00000|100%| S|CS|TAMS 0x0000000088c00000, 0x0000000088c00000| Complete 
| 109|0x0000000088d00000, 0x0000000088d00000, 0x0000000088e00000|  0%| F|  |TAMS 0x0000000088d00000, 0x0000000088d00000| Untracked 
| 110|0x0000000088e00000, 0x0000000088e00000, 0x0000000088f00000|  0%| F|  |TAMS 0x0000000088e00000, 0x0000000088e00000| Untracked 
| 111|0x0000000088f00000, 0x0000000088f00000, 0x0000000089000000|  0%| F|  |TAMS 0x0000000088f00000, 0x0000000088f00000| Untracked 
| 112|0x0000000089000000, 0x0000000089000000, 0x0000000089100000|  0%| F|  |TAMS 0x0000000089000000, 0x0000000089000000| Untracked 
| 113|0x0000000089100000, 0x0000000089100000, 0x0000000089200000|  0%| F|  |TAMS 0x0000000089100000, 0x0000000089100000| Untracked 
| 114|0x0000000089200000, 0x0000000089200000, 0x0000000089300000|  0%| F|  |TAMS 0x0000000089200000, 0x0000000089200000| Untracked 
| 115|0x0000000089300000, 0x0000000089300000, 0x0000000089400000|  0%| F|  |TAMS 0x0000000089300000, 0x0000000089300000| Untracked 
| 116|0x0000000089400000, 0x0000000089400000, 0x0000000089500000|  0%| F|  |TAMS 0x0000000089400000, 0x0000000089400000| Untracked 
| 117|0x0000000089500000, 0x0000000089500000, 0x0000000089600000|  0%| F|  |TAMS 0x0000000089500000, 0x0000000089500000| Untracked 
| 118|0x0000000089600000, 0x0000000089600000, 0x0000000089700000|  0%| F|  |TAMS 0x0000000089600000, 0x0000000089600000| Untracked 
| 119|0x0000000089700000, 0x0000000089700000, 0x0000000089800000|  0%| F|  |TAMS 0x0000000089700000, 0x0000000089700000| Untracked 
| 120|0x0000000089800000, 0x0000000089800000, 0x0000000089900000|  0%| F|  |TAMS 0x0000000089800000, 0x0000000089800000| Untracked 
| 121|0x0000000089900000, 0x0000000089900000, 0x0000000089a00000|  0%| F|  |TAMS 0x0000000089900000, 0x0000000089900000| Untracked 
| 122|0x0000000089a00000, 0x0000000089a00000, 0x0000000089b00000|  0%| F|  |TAMS 0x0000000089a00000, 0x0000000089a00000| Untracked 
| 123|0x0000000089b00000, 0x0000000089b00000, 0x0000000089c00000|  0%| F|  |TAMS 0x0000000089b00000, 0x0000000089b00000| Untracked 
| 124|0x0000000089c00000, 0x0000000089c00000, 0x0000000089d00000|  0%| F|  |TAMS 0x0000000089c00000, 0x0000000089c00000| Untracked 
| 125|0x0000000089d00000, 0x0000000089d00000, 0x0000000089e00000|  0%| F|  |TAMS 0x0000000089d00000, 0x0000000089d00000| Untracked 
| 126|0x0000000089e00000, 0x0000000089e00000, 0x0000000089f00000|  0%| F|  |TAMS 0x0000000089e00000, 0x0000000089e00000| Untracked 
| 127|0x0000000089f00000, 0x0000000089f00000, 0x000000008a000000|  0%| F|  |TAMS 0x0000000089f00000, 0x0000000089f00000| Untracked 
| 128|0x000000008a000000, 0x000000008a000000, 0x000000008a100000|  0%| F|  |TAMS 0x000000008a000000, 0x000000008a000000| Untracked 
| 129|0x000000008a100000, 0x000000008a100000, 0x000000008a200000|  0%| F|  |TAMS 0x000000008a100000, 0x000000008a100000| Untracked 
| 130|0x000000008a200000, 0x000000008a200000, 0x000000008a300000|  0%| F|  |TAMS 0x000000008a200000, 0x000000008a200000| Untracked 
| 131|0x000000008a300000, 0x000000008a300000, 0x000000008a400000|  0%| F|  |TAMS 0x000000008a300000, 0x000000008a300000| Untracked 
| 132|0x000000008a400000, 0x000000008a400000, 0x000000008a500000|  0%| F|  |TAMS 0x000000008a400000, 0x000000008a400000| Untracked 
| 133|0x000000008a500000, 0x000000008a500000, 0x000000008a600000|  0%| F|  |TAMS 0x000000008a500000, 0x000000008a500000| Untracked 
| 134|0x000000008a600000, 0x000000008a600000, 0x000000008a700000|  0%| F|  |TAMS 0x000000008a600000, 0x000000008a600000| Untracked 
| 135|0x000000008a700000, 0x000000008a700000, 0x000000008a800000|  0%| F|  |TAMS 0x000000008a700000, 0x000000008a700000| Untracked 
| 136|0x000000008a800000, 0x000000008a800000, 0x000000008a900000|  0%| F|  |TAMS 0x000000008a800000, 0x000000008a800000| Untracked 

Card table byte_map: [0x000001cd2db70000,0x000001cd2df60000] _byte_map_base: 0x000001cd2d760000

Marking Bits (Prev, Next): (CMBitMap*) 0x000001cd16f549a0, (CMBitMap*) 0x000001cd16f549e0
 Prev Bits: [0x000001cd2e350000, 0x000001cd302d0000)
 Next Bits: [0x000001cd302d0000, 0x000001cd32250000)

Polling page: 0x000001cd15070000

Metaspace:

Usage:
  Non-class:     36.77 MB used.
      Class:      4.78 MB used.
       Both:     41.55 MB used.

Virtual space:
  Non-class space:       40.00 MB reserved,      37.00 MB ( 92%) committed,  5 nodes.
      Class space:        1.00 GB reserved,       5.00 MB ( <1%) committed,  1 nodes.
             Both:        1.04 GB reserved,      42.00 MB (  4%) committed. 

Chunk freelists:
   Non-Class:  2.30 MB
       Class:  2.92 MB
        Both:  5.22 MB

MaxMetaspaceSize: unlimited
CompressedClassSpaceSize: 1.00 GB
Initial GC threshold: 21.00 MB
Current GC threshold: 69.38 MB
CDS: on
MetaspaceReclaimPolicy: balanced
 - commit_granule_bytes: 65536.
 - commit_granule_words: 8192.
 - virtual_space_node_default_size: 1048576.
 - enlarge_chunks_in_place: 1.
 - new_chunks_are_fully_committed: 0.
 - uncommit_free_chunks: 1.
 - use_allocation_guard: 0.
 - handle_deallocations: 1.


Internal statistics:

num_allocs_failed_limit: 3.
num_arena_births: 306.
num_arena_deaths: 0.
num_vsnodes_births: 6.
num_vsnodes_deaths: 0.
num_space_committed: 671.
num_space_uncommitted: 0.
num_chunks_returned_to_freelist: 3.
num_chunks_taken_from_freelist: 1695.
num_chunk_merges: 3.
num_chunk_splits: 1182.
num_chunks_enlarged: 881.
num_purges: 0.
num_inconsistent_stats: 0.

CodeHeap 'non-profiled nmethods': size=120000Kb used=3844Kb max_used=3844Kb free=116156Kb
 bounds [0x000001cd26250000, 0x000001cd26620000, 0x000001cd2d780000]
CodeHeap 'profiled nmethods': size=120000Kb used=15587Kb max_used=15587Kb free=104413Kb
 bounds [0x000001cd1e780000, 0x000001cd1f6c0000, 0x000001cd25cb0000]
CodeHeap 'non-nmethods': size=5760Kb used=1297Kb max_used=1374Kb free=4462Kb
 bounds [0x000001cd25cb0000, 0x000001cd25f20000, 0x000001cd26250000]
 total_blobs=8515 nmethods=7900 adapters=527
 compilation: enabled
              stopped_count=0, restarted_count=0
 full_count=0

Compilation events (20 events):
Event: 15.257 Thread 0x000001cd34703b30 8891       2       java.net.URI::<init> (42 bytes)
Event: 15.257 Thread 0x000001cd34703b30 nmethod 8891 0x000001cd1f6b1510 code [0x000001cd1f6b16a0, 0x000001cd1f6b1858]
Event: 15.276 Thread 0x000001cd34703b30 8892       2       java.net.URL::<init> (438 bytes)
Event: 15.279 Thread 0x000001cd34703b30 nmethod 8892 0x000001cd1f6b1910 code [0x000001cd1f6b1de0, 0x000001cd1f6b35a8]
Event: 15.283 Thread 0x000001cd34703b30 8893       2       java.lang.WeakPairMap$Pair::lookup (10 bytes)
Event: 15.283 Thread 0x000001cd34703b30 nmethod 8893 0x000001cd1f6b4390 code [0x000001cd1f6b4560, 0x000001cd1f6b48d8]
Event: 15.283 Thread 0x000001cd34703b30 8894       2       java.lang.WeakPairMap$Pair$Lookup::<init> (21 bytes)
Event: 15.284 Thread 0x000001cd34703b30 nmethod 8894 0x000001cd1f6b4a10 code [0x000001cd1f6b4bc0, 0x000001cd1f6b4ef8]
Event: 15.284 Thread 0x000001cd34703b30 8896       2       java.lang.WeakPairMap$Pair$Weak::first (5 bytes)
Event: 15.284 Thread 0x000001cd34703b30 nmethod 8896 0x000001cd1f6b5010 code [0x000001cd1f6b51a0, 0x000001cd1f6b52b8]
Event: 15.284 Thread 0x000001cd34703b30 8895       2       jdk.internal.reflect.AccessorGenerator::internalize (9 bytes)
Event: 15.284 Thread 0x000001cd34703b30 nmethod 8895 0x000001cd1f6b5390 code [0x000001cd1f6b5520, 0x000001cd1f6b5648]
Event: 15.309 Thread 0x000001cd34703b30 8897       3       lombok.launch.ClassFileMetaData::decodeString (181 bytes)
Event: 15.309 Thread 0x000001cd34703b30 nmethod 8897 0x000001cd1f6b5710 code [0x000001cd1f6b58e0, 0x000001cd1f6b5e08]
Event: 15.337 Thread 0x000001cd34703b30 8900 %     3       lombok.launch.PackageShader::apply @ 76 (252 bytes)
Event: 15.338 Thread 0x000001cd34703b30 nmethod 8900% 0x000001cd1f6b6090 code [0x000001cd1f6b62e0, 0x000001cd1f6b7168]
Event: 15.338 Thread 0x000001cd34703b30 8901       3       lombok.launch.PackageShader::apply (252 bytes)
Event: 15.339 Thread 0x000001cd34703b30 nmethod 8901 0x000001cd1f6b7910 code [0x000001cd1f6b7b40, 0x000001cd1f6b8668]
Event: 15.367 Thread 0x000001cd34700560 nmethod 8837% 0x000001cd2660a610 code [0x000001cd2660a960, 0x000001cd2660f3c8]
Event: 15.368 Thread 0x000001cd34700560 8847       4       java.util.regex.Pattern::compile (500 bytes)

GC Heap History (20 events):
Event: 9.782 GC heap after
{Heap after GC invocations=11 (full 0):
 garbage-first heap   total 115712K, used 64512K [0x0000000082000000, 0x0000000100000000)
  region size 1024K, 5 young (5120K), 5 survivors (5120K)
 Metaspace       used 32500K, committed 32832K, reserved 1081344K
  class space    used 3660K, committed 3840K, reserved 1048576K
}
Event: 10.448 GC heap before
{Heap before GC invocations=11 (full 0):
 garbage-first heap   total 115712K, used 88064K [0x0000000082000000, 0x0000000100000000)
  region size 1024K, 29 young (29696K), 5 survivors (5120K)
 Metaspace       used 33802K, committed 34112K, reserved 1081344K
  class space    used 3817K, committed 3968K, reserved 1048576K
}
Event: 10.455 GC heap after
{Heap after GC invocations=12 (full 0):
 garbage-first heap   total 115712K, used 66048K [0x0000000082000000, 0x0000000100000000)
  region size 1024K, 1 young (1024K), 1 survivors (1024K)
 Metaspace       used 33802K, committed 34112K, reserved 1081344K
  class space    used 3817K, committed 3968K, reserved 1048576K
}
Event: 10.905 GC heap before
{Heap before GC invocations=13 (full 0):
 garbage-first heap   total 116736K, used 87552K [0x0000000082000000, 0x0000000100000000)
  region size 1024K, 25 young (25600K), 1 survivors (1024K)
 Metaspace       used 35009K, committed 35392K, reserved 1081344K
  class space    used 3959K, committed 4160K, reserved 1048576K
}
Event: 10.914 GC heap after
{Heap after GC invocations=14 (full 0):
 garbage-first heap   total 116736K, used 65024K [0x0000000082000000, 0x0000000100000000)
  region size 1024K, 2 young (2048K), 2 survivors (2048K)
 Metaspace       used 35009K, committed 35392K, reserved 1081344K
  class space    used 3959K, committed 4160K, reserved 1048576K
}
Event: 11.435 GC heap before
{Heap before GC invocations=14 (full 0):
 garbage-first heap   total 116736K, used 92672K [0x0000000082000000, 0x0000000100000000)
  region size 1024K, 29 young (29696K), 2 survivors (2048K)
 Metaspace       used 39045K, committed 39488K, reserved 1089536K
  class space    used 4532K, committed 4736K, reserved 1048576K
}
Event: 11.448 GC heap after
{Heap after GC invocations=15 (full 0):
 garbage-first heap   total 140288K, used 68012K [0x0000000082000000, 0x0000000100000000)
  region size 1024K, 4 young (4096K), 4 survivors (4096K)
 Metaspace       used 39045K, committed 39488K, reserved 1089536K
  class space    used 4532K, committed 4736K, reserved 1048576K
}
Event: 13.163 GC heap before
{Heap before GC invocations=16 (full 0):
 garbage-first heap   total 140288K, used 108972K [0x0000000082000000, 0x0000000100000000)
  region size 1024K, 43 young (44032K), 4 survivors (4096K)
 Metaspace       used 42203K, committed 42560K, reserved 1089536K
  class space    used 4877K, committed 5056K, reserved 1048576K
}
Event: 13.174 GC heap after
{Heap after GC invocations=17 (full 0):
 garbage-first heap   total 140288K, used 72546K [0x0000000082000000, 0x0000000100000000)
  region size 1024K, 6 young (6144K), 6 survivors (6144K)
 Metaspace       used 42203K, committed 42560K, reserved 1089536K
  class space    used 4877K, committed 5056K, reserved 1048576K
}
Event: 13.178 GC heap before
{Heap before GC invocations=17 (full 0):
 garbage-first heap   total 140288K, used 73570K [0x0000000082000000, 0x0000000100000000)
  region size 1024K, 7 young (7168K), 6 survivors (6144K)
 Metaspace       used 42203K, committed 42560K, reserved 1089536K
  class space    used 4877K, committed 5056K, reserved 1048576K
}
Event: 13.188 GC heap after
{Heap after GC invocations=18 (full 0):
 garbage-first heap   total 140288K, used 72704K [0x0000000082000000, 0x0000000100000000)
  region size 1024K, 1 young (1024K), 1 survivors (1024K)
 Metaspace       used 42203K, committed 42560K, reserved 1089536K
  class space    used 4877K, committed 5056K, reserved 1048576K
}
Event: 13.426 GC heap before
{Heap before GC invocations=18 (full 0):
 garbage-first heap   total 140288K, used 77824K [0x0000000082000000, 0x0000000100000000)
  region size 1024K, 7 young (7168K), 1 survivors (1024K)
 Metaspace       used 42226K, committed 42560K, reserved 1089536K
  class space    used 4877K, committed 5056K, reserved 1048576K
}
Event: 13.428 GC heap after
{Heap after GC invocations=19 (full 0):
 garbage-first heap   total 140288K, used 73050K [0x0000000082000000, 0x0000000100000000)
  region size 1024K, 2 young (2048K), 2 survivors (2048K)
 Metaspace       used 42226K, committed 42560K, reserved 1089536K
  class space    used 4877K, committed 5056K, reserved 1048576K
}
Event: 13.983 GC heap before
{Heap before GC invocations=20 (full 0):
 garbage-first heap   total 140288K, used 104794K [0x0000000082000000, 0x0000000100000000)
  region size 1024K, 31 young (31744K), 2 survivors (2048K)
 Metaspace       used 42267K, committed 42624K, reserved 1089536K
  class space    used 4878K, committed 5056K, reserved 1048576K
}
Event: 13.997 GC heap after
{Heap after GC invocations=21 (full 0):
 garbage-first heap   total 140288K, used 87548K [0x0000000082000000, 0x0000000100000000)
  region size 1024K, 4 young (4096K), 4 survivors (4096K)
 Metaspace       used 42267K, committed 42624K, reserved 1089536K
  class space    used 4878K, committed 5056K, reserved 1048576K
}
Event: 14.004 GC heap before
{Heap before GC invocations=21 (full 0):
 garbage-first heap   total 140288K, used 89596K [0x0000000082000000, 0x0000000100000000)
  region size 1024K, 6 young (6144K), 4 survivors (4096K)
 Metaspace       used 42267K, committed 42624K, reserved 1089536K
  class space    used 4878K, committed 5056K, reserved 1048576K
}
Event: 14.010 GC heap after
{Heap after GC invocations=22 (full 0):
 garbage-first heap   total 140288K, used 74764K [0x0000000082000000, 0x0000000100000000)
  region size 1024K, 1 young (1024K), 1 survivors (1024K)
 Metaspace       used 42267K, committed 42624K, reserved 1089536K
  class space    used 4878K, committed 5056K, reserved 1048576K
}
Event: 14.133 GC heap before
{Heap before GC invocations=22 (full 0):
 garbage-first heap   total 140288K, used 79884K [0x0000000082000000, 0x0000000100000000)
  region size 1024K, 6 young (6144K), 1 survivors (1024K)
 Metaspace       used 42277K, committed 42688K, reserved 1089536K
  class space    used 4878K, committed 5056K, reserved 1048576K
}
Event: 14.137 GC heap after
{Heap after GC invocations=23 (full 0):
 garbage-first heap   total 140288K, used 72466K [0x0000000082000000, 0x0000000100000000)
  region size 1024K, 1 young (1024K), 1 survivors (1024K)
 Metaspace       used 42277K, committed 42688K, reserved 1089536K
  class space    used 4878K, committed 5056K, reserved 1048576K
}
Event: 15.431 GC heap before
{Heap before GC invocations=23 (full 0):
 garbage-first heap   total 140288K, used 100114K [0x0000000082000000, 0x0000000100000000)
  region size 1024K, 28 young (28672K), 1 survivors (1024K)
 Metaspace       used 42548K, committed 43008K, reserved 1089536K
  class space    used 4899K, committed 5120K, reserved 1048576K
}

Deoptimization events (20 events):
Event: 14.223 Thread 0x000001cd16ef9880 DEOPT PACKING pc=0x000001cd265e72a0 sp=0x00000023a41fcb90
Event: 14.223 Thread 0x000001cd16ef9880 DEOPT UNPACKING pc=0x000001cd25d023a3 sp=0x00000023a41fcad8 mode 2
Event: 14.373 Thread 0x000001cd16ef9880 Uncommon trap: trap_request=0xffffff45 fr.pc=0x000001cd262adc64 relative=0x00000000000004a4
Event: 14.373 Thread 0x000001cd16ef9880 Uncommon trap: reason=unstable_if action=reinterpret pc=0x000001cd262adc64 method=java.lang.CharacterDataLatin1.isJavaIdentifierStart(I)Z @ 14 c2
Event: 14.373 Thread 0x000001cd16ef9880 DEOPT PACKING pc=0x000001cd262adc64 sp=0x00000023a41fcbc0
Event: 14.373 Thread 0x000001cd16ef9880 DEOPT UNPACKING pc=0x000001cd25d023a3 sp=0x00000023a41fca18 mode 2
Event: 15.129 Thread 0x000001cd16ef9880 DEOPT PACKING pc=0x000001cd1f3df0ef sp=0x00000023a41fd010
Event: 15.129 Thread 0x000001cd16ef9880 DEOPT UNPACKING pc=0x000001cd25d02b43 sp=0x00000023a41fc4c8 mode 0
Event: 15.154 Thread 0x000001cd16ef9880 Uncommon trap: trap_request=0xffffff45 fr.pc=0x000001cd265af084 relative=0x0000000000000ba4
Event: 15.154 Thread 0x000001cd16ef9880 Uncommon trap: reason=unstable_if action=reinterpret pc=0x000001cd265af084 method=com.sun.tools.javac.code.Types$15.visitClassType(Lcom/sun/tools/javac/code/Type$ClassType;Ljava/lang/Void;)Lcom/sun/tools/javac/code/Type; @ 43 c2
Event: 15.154 Thread 0x000001cd16ef9880 DEOPT PACKING pc=0x000001cd265af084 sp=0x00000023a41fcf20
Event: 15.154 Thread 0x000001cd16ef9880 DEOPT UNPACKING pc=0x000001cd25d023a3 sp=0x00000023a41fcee0 mode 2
Event: 15.154 Thread 0x000001cd16ef9880 Uncommon trap: trap_request=0xffffff45 fr.pc=0x000001cd265b29c0 relative=0x0000000000000780
Event: 15.154 Thread 0x000001cd16ef9880 Uncommon trap: reason=unstable_if action=reinterpret pc=0x000001cd265b29c0 method=com.sun.tools.javac.code.Types$16.visitClassType(Lcom/sun/tools/javac/code/Type$ClassType;Ljava/lang/Void;)Lcom/sun/tools/javac/util/List; @ 22 c2
Event: 15.154 Thread 0x000001cd16ef9880 DEOPT PACKING pc=0x000001cd265b29c0 sp=0x00000023a41fcf50
Event: 15.154 Thread 0x000001cd16ef9880 DEOPT UNPACKING pc=0x000001cd25d023a3 sp=0x00000023a41fcea0 mode 2
Event: 15.180 Thread 0x000001cd16ef9880 DEOPT PACKING pc=0x000001cd1e9b8ab4 sp=0x00000023a41fc2e0
Event: 15.180 Thread 0x000001cd16ef9880 DEOPT UNPACKING pc=0x000001cd25d02b43 sp=0x00000023a41fb860 mode 0
Event: 15.309 Thread 0x000001cd16ef9880 DEOPT PACKING pc=0x000001cd1f6ae1e3 sp=0x00000023a41f9300
Event: 15.309 Thread 0x000001cd16ef9880 DEOPT UNPACKING pc=0x000001cd25d02b43 sp=0x00000023a41f8770 mode 0

Classes unloaded (0 events):
No events

Classes redefined (0 events):
No events

Internal exceptions (20 events):
Event: 15.160 Thread 0x000001cd16ef9880 Exception <a 'sun/nio/fs/WindowsException'{0x00000000893f3108}> (0x00000000893f3108) 
thrown [s\open\src\hotspot\share\prims\jni.cpp, line 516]
Event: 15.160 Thread 0x000001cd16ef9880 Exception <a 'sun/nio/fs/WindowsException'{0x00000000893f3558}> (0x00000000893f3558) 
thrown [s\open\src\hotspot\share\prims\jni.cpp, line 516]
Event: 15.160 Thread 0x000001cd16ef9880 Exception <a 'sun/nio/fs/WindowsException'{0x00000000893f4548}> (0x00000000893f4548) 
thrown [s\open\src\hotspot\share\prims\jni.cpp, line 516]
Event: 15.160 Thread 0x000001cd16ef9880 Exception <a 'sun/nio/fs/WindowsException'{0x00000000893f4978}> (0x00000000893f4978) 
thrown [s\open\src\hotspot\share\prims\jni.cpp, line 516]
Event: 15.160 Thread 0x000001cd16ef9880 Exception <a 'sun/nio/fs/WindowsException'{0x00000000893fc7f8}> (0x00000000893fc7f8) 
thrown [s\open\src\hotspot\share\prims\jni.cpp, line 516]
Event: 15.160 Thread 0x000001cd16ef9880 Exception <a 'sun/nio/fs/WindowsException'{0x00000000893fcbd8}> (0x00000000893fcbd8) 
thrown [s\open\src\hotspot\share\prims\jni.cpp, line 516]
Event: 15.161 Thread 0x000001cd16ef9880 Exception <a 'sun/nio/fs/WindowsException'{0x00000000892179b0}> (0x00000000892179b0) 
thrown [s\open\src\hotspot\share\prims\jni.cpp, line 516]
Event: 15.161 Thread 0x000001cd16ef9880 Exception <a 'sun/nio/fs/WindowsException'{0x0000000089217dd0}> (0x0000000089217dd0) 
thrown [s\open\src\hotspot\share\prims\jni.cpp, line 516]
Event: 15.163 Thread 0x000001cd16ef9880 Exception <a 'sun/nio/fs/WindowsException'{0x0000000089218e80}> (0x0000000089218e80) 
thrown [s\open\src\hotspot\share\prims\jni.cpp, line 516]
Event: 15.163 Thread 0x000001cd16ef9880 Exception <a 'sun/nio/fs/WindowsException'{0x0000000089219370}> (0x0000000089219370) 
thrown [s\open\src\hotspot\share\prims\jni.cpp, line 516]
Event: 15.164 Thread 0x000001cd16ef9880 Exception <a 'sun/nio/fs/WindowsException'{0x000000008921c318}> (0x000000008921c318) 
thrown [s\open\src\hotspot\share\prims\jni.cpp, line 516]
Event: 15.164 Thread 0x000001cd16ef9880 Exception <a 'sun/nio/fs/WindowsException'{0x000000008921c780}> (0x000000008921c780) 
thrown [s\open\src\hotspot\share\prims\jni.cpp, line 516]
Event: 15.164 Thread 0x000001cd16ef9880 Exception <a 'sun/nio/fs/WindowsException'{0x000000008921d798}> (0x000000008921d798) 
thrown [s\open\src\hotspot\share\prims\jni.cpp, line 516]
Event: 15.164 Thread 0x000001cd16ef9880 Exception <a 'sun/nio/fs/WindowsException'{0x000000008921dbe0}> (0x000000008921dbe0) 
thrown [s\open\src\hotspot\share\prims\jni.cpp, line 516]
Event: 15.164 Thread 0x000001cd16ef9880 Exception <a 'sun/nio/fs/WindowsException'{0x000000008922a048}> (0x000000008922a048) 
thrown [s\open\src\hotspot\share\prims\jni.cpp, line 516]
Event: 15.164 Thread 0x000001cd16ef9880 Exception <a 'sun/nio/fs/WindowsException'{0x000000008922a438}> (0x000000008922a438) 
thrown [s\open\src\hotspot\share\prims\jni.cpp, line 516]
Event: 15.165 Thread 0x000001cd16ef9880 Exception <a 'sun/nio/fs/WindowsException'{0x0000000089255f00}> (0x0000000089255f00) 
thrown [s\open\src\hotspot\share\prims\jni.cpp, line 516]
Event: 15.165 Thread 0x000001cd16ef9880 Exception <a 'sun/nio/fs/WindowsException'{0x0000000089256340}> (0x0000000089256340) 
thrown [s\open\src\hotspot\share\prims\jni.cpp, line 516]
Event: 15.165 Thread 0x000001cd16ef9880 Exception <a 'sun/nio/fs/WindowsException'{0x0000000089257418}> (0x0000000089257418) 
thrown [s\open\src\hotspot\share\prims\jni.cpp, line 516]
Event: 15.165 Thread 0x000001cd16ef9880 Exception <a 'sun/nio/fs/WindowsException'{0x0000000089257920}> (0x0000000089257920) 
thrown [s\open\src\hotspot\share\prims\jni.cpp, line 516]

VM Operations (20 events):
Event: 13.174 Executing VM operation: G1CollectForAllocation done
Event: 13.178 Executing VM operation: G1CollectForAllocation
Event: 13.188 Executing VM operation: G1CollectForAllocation done
Event: 13.426 Executing VM operation: G1TryInitiateConcMark
Event: 13.428 Executing VM operation: G1TryInitiateConcMark done
Event: 13.541 Executing VM operation: G1Concurrent
Event: 13.548 Executing VM operation: G1Concurrent done
Event: 13.555 Executing VM operation: HandshakeAllThreads
Event: 13.555 Executing VM operation: HandshakeAllThreads done
Event: 13.598 Executing VM operation: G1Concurrent
Event: 13.598 Executing VM operation: G1Concurrent done
Event: 13.983 Executing VM operation: G1CollectForAllocation
Event: 14.000 Executing VM operation: G1CollectForAllocation done
Event: 14.004 Executing VM operation: G1CollectForAllocation
Event: 14.010 Executing VM operation: G1CollectForAllocation done
Event: 14.133 Executing VM operation: G1CollectForAllocation
Event: 14.137 Executing VM operation: G1CollectForAllocation done
Event: 15.141 Executing VM operation: Cleanup
Event: 15.142 Executing VM operation: Cleanup done
Event: 15.431 Executing VM operation: G1CollectForAllocation

Events (20 events):
Event: 12.324 loading class java/util/EnumMap$EntryIterator
Event: 12.324 loading class java/util/EnumMap$EnumMapIterator
Event: 12.324 loading class java/util/EnumMap$EnumMapIterator done
Event: 12.324 loading class java/util/EnumMap$EntryIterator done
Event: 12.324 loading class java/util/EnumMap$EntryIterator$Entry
Event: 12.325 loading class java/util/EnumMap$EntryIterator$Entry done
Event: 12.360 loading class java/util/function/ToIntBiFunction
Event: 12.360 loading class java/util/function/ToIntBiFunction done
Event: 12.679 loading class java/util/EnumMap$Values
Event: 12.683 loading class java/util/EnumMap$Values done
Event: 12.683 loading class java/util/EnumMap$ValueIterator
Event: 12.683 loading class java/util/EnumMap$ValueIterator done
Event: 12.683 loading class java/util/WeakHashMap$KeyIterator
Event: 12.683 loading class java/util/WeakHashMap$KeyIterator done
Event: 13.558 Thread 0x000001cd34707c30 flushing nmethod 0x000001cd1e95a990
Event: 13.558 Thread 0x000001cd34707c30 flushing nmethod 0x000001cd1e9a0890
Event: 13.559 Thread 0x000001cd34707c30 flushing nmethod 0x000001cd1ec0fe90
Event: 13.561 Thread 0x000001cd34707c30 flushing nmethod 0x000001cd1ee12910
Event: 15.208 loading class jdk/internal/module/IllegalAccessLogger
Event: 15.208 loading class jdk/internal/module/IllegalAccessLogger done


Dynamic libraries:
0x00007ff6f3700000 - 0x00007ff6f3710000 	E:\Java\jdk-17.0.7\jdk-17.0.7\bin\java.exe
0x00007ffdf4c50000 - 0x00007ffdf4e48000 	C:\Windows\SYSTEM32\ntdll.dll
0x00007ffdf4610000 - 0x00007ffdf46d2000 	C:\Windows\System32\KERNEL32.DLL
0x00007ffdf27f0000 - 0x00007ffdf2aee000 	C:\Windows\System32\KERNELBASE.dll
0x00007ffdf2560000 - 0x00007ffdf2660000 	C:\Windows\System32\ucrtbase.dll
0x00007ffdec3d0000 - 0x00007ffdec3e9000 	E:\Java\jdk-17.0.7\jdk-17.0.7\bin\jli.dll
0x00007ffde8cf0000 - 0x00007ffde8d0b000 	E:\Java\jdk-17.0.7\jdk-17.0.7\bin\VCRUNTIME140.dll
0x00007ffdf2e80000 - 0x00007ffdf2f31000 	C:\Windows\System32\ADVAPI32.dll
0x00007ffdf4570000 - 0x00007ffdf460e000 	C:\Windows\System32\msvcrt.dll
0x00007ffdf2f40000 - 0x00007ffdf2fdf000 	C:\Windows\System32\sechost.dll
0x00007ffdf3b60000 - 0x00007ffdf3c83000 	C:\Windows\System32\RPCRT4.dll
0x00007ffdf2340000 - 0x00007ffdf2367000 	C:\Windows\System32\bcrypt.dll
0x00007ffdf4070000 - 0x00007ffdf420d000 	C:\Windows\System32\USER32.dll
0x00007ffdf2af0000 - 0x00007ffdf2b12000 	C:\Windows\System32\win32u.dll
0x00007ffde2140000 - 0x00007ffde23da000 	C:\Windows\WinSxS\amd64_microsoft.windows.common-controls_6595b64144ccf1df_6.0.19041.4355_none_60b8b9eb71f62e16\COMCTL32.dll
0x00007ffdf4be0000 - 0x00007ffdf4c0b000 	C:\Windows\System32\GDI32.dll
0x00007ffdf26d0000 - 0x00007ffdf27e7000 	C:\Windows\System32\gdi32full.dll
0x00007ffdf2b20000 - 0x00007ffdf2bbd000 	C:\Windows\System32\msvcp_win.dll
0x00007ffdead80000 - 0x00007ffdead8a000 	C:\Windows\SYSTEM32\VERSION.dll
0x00007ffdf2d90000 - 0x00007ffdf2dbf000 	C:\Windows\System32\IMM32.DLL
0x00007ffdebd30000 - 0x00007ffdebd3c000 	E:\Java\jdk-17.0.7\jdk-17.0.7\bin\vcruntime140_1.dll
0x00007ffdb5920000 - 0x00007ffdb59ae000 	E:\Java\jdk-17.0.7\jdk-17.0.7\bin\msvcp140.dll
0x00007ffd449f0000 - 0x00007ffd455cd000 	E:\Java\jdk-17.0.7\jdk-17.0.7\bin\server\jvm.dll
0x00007ffdf2e70000 - 0x00007ffdf2e78000 	C:\Windows\System32\PSAPI.DLL
0x00007ffde1840000 - 0x00007ffde1867000 	C:\Windows\SYSTEM32\WINMM.dll
0x00007ffde0440000 - 0x00007ffde0449000 	C:\Windows\SYSTEM32\WSOCK32.dll
0x00007ffdf4220000 - 0x00007ffdf428b000 	C:\Windows\System32\WS2_32.dll
0x00007ffdf0b10000 - 0x00007ffdf0b22000 	C:\Windows\SYSTEM32\kernel.appcore.dll
0x00007ffdeb830000 - 0x00007ffdeb83a000 	E:\Java\jdk-17.0.7\jdk-17.0.7\bin\jimage.dll
0x00007ffdf0020000 - 0x00007ffdf0204000 	C:\Windows\SYSTEM32\DBGHELP.DLL
0x00007ffddf020000 - 0x00007ffddf054000 	C:\Windows\SYSTEM32\dbgcore.DLL
0x00007ffdf24d0000 - 0x00007ffdf2552000 	C:\Windows\System32\bcryptPrimitives.dll
0x00007ffde1400000 - 0x00007ffde1425000 	E:\Java\jdk-17.0.7\jdk-17.0.7\bin\java.dll
0x00007ffdaac20000 - 0x00007ffdaacf7000 	E:\Java\jdk-17.0.7\jdk-17.0.7\bin\jsvml.dll
0x00007ffdf32b0000 - 0x00007ffdf3a1d000 	C:\Windows\System32\SHELL32.dll
0x00007ffdf0210000 - 0x00007ffdf09b4000 	C:\Windows\SYSTEM32\windows.storage.dll
0x00007ffdf3d10000 - 0x00007ffdf4063000 	C:\Windows\System32\combase.dll
0x00007ffdf1d20000 - 0x00007ffdf1d4e000 	C:\Windows\SYSTEM32\Wldp.dll
0x00007ffdf3a20000 - 0x00007ffdf3aed000 	C:\Windows\System32\OLEAUT32.dll
0x00007ffdf2dc0000 - 0x00007ffdf2e6d000 	C:\Windows\System32\SHCORE.dll
0x00007ffdf3af0000 - 0x00007ffdf3b45000 	C:\Windows\System32\shlwapi.dll
0x00007ffdf2220000 - 0x00007ffdf2244000 	C:\Windows\SYSTEM32\profapi.dll
0x00007ffde8b70000 - 0x00007ffde8b89000 	E:\Java\jdk-17.0.7\jdk-17.0.7\bin\net.dll
0x00007ffde8530000 - 0x00007ffde863d000 	C:\Windows\SYSTEM32\WINHTTP.dll
0x00007ffdf1a80000 - 0x00007ffdf1aea000 	C:\Windows\system32\mswsock.dll
0x00007ffddb870000 - 0x00007ffddb886000 	E:\Java\jdk-17.0.7\jdk-17.0.7\bin\nio.dll
0x00007ffddb340000 - 0x00007ffddb358000 	E:\Java\jdk-17.0.7\jdk-17.0.7\bin\zip.dll
0x00007ffddb600000 - 0x00007ffddb610000 	E:\Java\jdk-17.0.7\jdk-17.0.7\bin\verify.dll
0x00007ffde8d30000 - 0x00007ffde8d3a000 	D:\apache-maven-3.6.3-bin\lib\jansi-native\windows64\jansi.dll
0x00007ffdf1c80000 - 0x00007ffdf1c98000 	C:\Windows\SYSTEM32\CRYPTSP.dll
0x00007ffdf1330000 - 0x00007ffdf1364000 	C:\Windows\system32\rsaenh.dll
0x00007ffdf21e0000 - 0x00007ffdf220e000 	C:\Windows\SYSTEM32\USERENV.dll
0x00007ffdf1c70000 - 0x00007ffdf1c7c000 	C:\Windows\SYSTEM32\CRYPTBASE.dll
0x00007ffdf1710000 - 0x00007ffdf174b000 	C:\Windows\SYSTEM32\IPHLPAPI.DLL
0x00007ffdf4210000 - 0x00007ffdf4218000 	C:\Windows\System32\NSI.dll
0x00007ffde9010000 - 0x00007ffde9027000 	C:\Windows\SYSTEM32\dhcpcsvc6.DLL
0x00007ffde95c0000 - 0x00007ffde95dd000 	C:\Windows\SYSTEM32\dhcpcsvc.DLL
0x00007ffdf1750000 - 0x00007ffdf181a000 	C:\Windows\SYSTEM32\DNSAPI.dll
0x00007ffde17b0000 - 0x00007ffde17ba000 	C:\Windows\System32\rasadhlp.dll
0x00007ffde1d50000 - 0x00007ffde1dd0000 	C:\Windows\System32\fwpuclnt.dll
0x00007ffde1730000 - 0x00007ffde173d000 	E:\Java\jdk-17.0.7\jdk-17.0.7\bin\sunmscapi.dll
0x00007ffdf2370000 - 0x00007ffdf24cc000 	C:\Windows\System32\CRYPT32.dll
0x00007ffdf1d90000 - 0x00007ffdf1db7000 	C:\Windows\SYSTEM32\ncrypt.dll
0x00007ffdf1d50000 - 0x00007ffdf1d8b000 	C:\Windows\SYSTEM32\NTASN1.dll

dbghelp: loaded successfully - version: 4.0.5 - missing functions: none
symbol engine: initialized successfully - sym options: 0x614 - pdb path: .;E:\Java\jdk-17.0.7\jdk-17.0.7\bin;C:\Windows\SYSTEM32;C:\Windows\WinSxS\amd64_microsoft.windows.common-controls_6595b64144ccf1df_6.0.19041.4355_none_60b8b9eb71f62e16;E:\Java\jdk-17.0.7\jdk-17.0.7\bin\server;D:\apache-maven-3.6.3-bin\lib\jansi-native\windows64

VM Arguments:
jvm_args: -Dclassworlds.conf=D:\apache-maven-3.6.3-bin\bin\..\bin\m2.conf -Dmaven.home=D:\apache-maven-3.6.3-bin\bin\.. -Dlibrary.jansi.path=D:\apache-maven-3.6.3-bin\bin\..\lib\jansi-native -Dmaven.multiModuleProjectDirectory=D:\SpringBoot_Ang_K8_CICD_AWS_24_Dec_2024 - For_Elcipse2024-12\restaurantlisting 
java_command: org.codehaus.plexus.classworlds.launcher.Launcher clean verify sonar:sonar \
java_class_path (initial): D:\apache-maven-3.6.3-bin\bin\..\boot\plexus-classworlds-2.6.0.jar
Launcher Type: SUN_STANDARD

[Global flags]
     intx CICompilerCount                          = 3                                         {product} {ergonomic}
     uint ConcGCThreads                            = 1                                         {product} {ergonomic}
     uint G1ConcRefinementThreads                  = 4                                         {product} {ergonomic}
   size_t G1HeapRegionSize                         = 1048576                                   {product} {ergonomic}
    uintx GCDrainStackTargetSize                   = 64                                        {product} {ergonomic}
   size_t InitialHeapSize                          = 132120576                                 {product} {ergonomic}
   size_t MarkStackSize                            = 4194304                                   {product} {ergonomic}
   size_t MaxHeapSize                              = 2113929216                                {product} {ergonomic}
   size_t MaxNewSize                               = 1267728384                                {product} {ergonomic}
   size_t MinHeapDeltaBytes                        = 1048576                                   {product} {ergonomic}
   size_t MinHeapSize                              = 8388608                                   {product} {ergonomic}
    uintx NonNMethodCodeHeapSize                   = 5832780                                {pd product} {ergonomic}
    uintx NonProfiledCodeHeapSize                  = 122912730                              {pd product} {ergonomic}
    uintx ProfiledCodeHeapSize                     = 122912730                              {pd product} {ergonomic}
    uintx ReservedCodeCacheSize                    = 251658240                              {pd product} {ergonomic}
     bool SegmentedCodeCache                       = true                                      {product} {ergonomic}
   size_t SoftMaxHeapSize                          = 2113929216                             {manageable} {ergonomic}
     bool UseCompressedClassPointers               = true                           {product lp64_product} {ergonomic}
     bool UseCompressedOops                        = true                           {product lp64_product} {ergonomic}
     bool UseG1GC                                  = true                                      {product} {ergonomic}
     bool UseLargePagesIndividualAllocation        = false                                  {pd product} {ergonomic}

Logging:
Log output configuration:
 #0: stdout all=warning uptime,level,tags
 #1: stderr all=off uptime,level,tags

Environment Variables:
JAVA_HOME=E:\Java\jdk-17.0.7\jdk-17.0.7
PATH=E:\Java\jdk-17.0.7\jdk-17.0.7\bin;E:\app\Atharva\virtual\product\12.2.0\dbhome_1\bin;C:\Python39\Scripts\;C:\Python39\;C:\Windows\system32;C:\Windows;C:\Windows\System32\Wbem;C:\Windows\System32\WindowsPowerShell\v1.0\;C:\Windows\System32\OpenSSH\;C:\Program Files\Git\cmd;C:\Program Files\Microsoft SQL Server\Client SDK\ODBC\170\Tools\Binn\;C:\Program Files\TortoiseSVN\bin;D:\PuttyInstalled\;D:\apache-maven-3.6.3-bin\bin;C:\Program Files\nodejsVersion14_16\;C:\ProgramData\chocolatey\bin;C:\Program Files (x86)\Microsoft SQL Server\150\Tools\Binn\;C:\Program Files\Microsoft SQL Server\150\Tools\Binn\;C:\Program Files\Microsoft SQL Server\150\DTS\Binn\;D:\apache-maven-3.6.3-bin\bin;C:\Users\Atharva\Downloads\apache-ant-1.9.16-bin\apache-ant-1.9.16\bin;D:\xamppInsatlled\php;D:\composerInsatlled;C:\Program Files (x86)\Microsoft SQL Server\90\Tools\binn\;C:\Program Files\Microsoft SQL Server\130\Tools\Binn\;C:\Program Files\Docker\Docker\resources\bin;C:\Program Files\Amazon\AWSCLIV2\;E:\Java\jdk-17.0.7\jdk-17.0.7\bin;C:\Program Files\MySQL\MySQL Shell 8.0\bin\;D:\Python3_12_Installed\Scripts;D:\Python3_12_Installed;C:\Users\Atharva\AppData\Local\Microsoft\WindowsApps;C:\Users\Atharva\AppData\Local\Programs\Microsoft VS Code\bin;C:\Program Files\JetBrains\WebStorm 2020.3\bin;;C:\Users\Atharva\AppData\Roaming\npm;C:\Users\Atharva\Downloads\apache-ant-1.9.16-bin\apache-ant-1.9.16\bin;C:\Users\Atharva\AppData\Roaming\Composer\vendor\bin;D:\apache-maven-3.6.3-bin\bin;D:\apache-maven-3.6.3-bin\bin;D:\IntellijCommunityEditionInstalleD\bin;;
USERNAME=Atharva
OS=Windows_NT
PROCESSOR_IDENTIFIER=Intel64 Family 6 Model 142 Stepping 9, GenuineIntel



---------------  S Y S T E M  ---------------

OS:
 Windows 10 , 64 bit Build 19041 (10.0.19041.5198)
OS uptime: 0 days 2:28 hours

CPU: total 4 (initial active 4) (2 cores per cpu, 2 threads per core) family 6 model 142 stepping 9 microcode 0xb4, cx8, cmov, fxsr, ht, mmx, 3dnowpref, sse, sse2, sse3, ssse3, sse4.1, sse4.2, popcnt, lzcnt, tsc, tscinvbit, avx, avx2, aes, erms, clmul, bmi1, bmi2, adx, fma, vzeroupper, clflush, clflushopt

Memory: 4k page, system-wide physical 8058M (303M free)
TotalPageFile size 16834M (AvailPageFile size 111M)
current process WorkingSet (physical memory assigned to process): 286M, peak: 300M
current process commit charge ("private bytes"): 308M, peak: 582M

vm_info: Java HotSpot(TM) 64-Bit Server VM (17.0.7+8-LTS-224) for windows-amd64 JRE (17.0.7+8-LTS-224), built on Feb 28 2023 23:03:02 by "mach5one" with MS VC++ 17.1 (VS2022)

END.
